<?xml version="1.0" encoding="UTF-8"?>
<robot generator="Rebot 7.1.1 (Python 3.12.4 on win32)" generated="2025-03-03T14:24:32.291452" rpa="false" schemaversion="5">
<suite id="s1" name="Suites">
<suite id="s1-s1" name="DataFromCsv" source="C:\Users\DELL\PycharmProjects\Robot Training\tests\DataFromCsv.robot">
<test id="s1-s1-t1" name="Login Tests Using CSV Admin and admin123" line="19">
<kw name="Open Login Page" owner="LoginPageKw" type="SETUP">
<kw name="Open Browser" owner="SeleniumLibrary">
<msg time="2025-03-03T14:18:25.743575" level="INFO">Opening browser 'chrome' to base url 'https://opensource-demo.orangehrmlive.com/web/index.php/auth/login'.</msg>
<arg>${URL}</arg>
<arg>chrome</arg>
<doc>Opens a new browser instance to the optional ``url``.</doc>
<status status="PASS" start="2025-03-03T14:18:25.742577" elapsed="277.300381"/>
</kw>
<kw name="Maximize Browser Window" owner="SeleniumLibrary">
<doc>Maximizes current browser window.</doc>
<status status="PASS" start="2025-03-03T14:23:03.043954" elapsed="0.228545"/>
</kw>
<kw name="Sleep" owner="BuiltIn">
<msg time="2025-03-03T14:23:06.273810" level="INFO">Slept 3 seconds.</msg>
<arg>3s</arg>
<doc>Pauses the test executed for the given time.</doc>
<status status="PASS" start="2025-03-03T14:23:03.273496" elapsed="3.000314"/>
</kw>
<status status="PASS" start="2025-03-03T14:18:25.740583" elapsed="280.533227"/>
</kw>
<kw name="Test Data">
<kw name="Login" owner="LoginPageKw">
<kw name="Input User" owner="LoginPageKw">
<kw name="Input Text" owner="SeleniumLibrary">
<msg time="2025-03-03T14:23:06.279793" level="INFO">Typing text 'Admin' into text field 'name=username'.</msg>
<arg>${USERNAME_FIELD}</arg>
<arg>${username}</arg>
<doc>Types the given ``text`` into the text field identified by ``locator``.</doc>
<status status="PASS" start="2025-03-03T14:23:06.278796" elapsed="0.242222"/>
</kw>
<arg>${user}</arg>
<status status="PASS" start="2025-03-03T14:23:06.276803" elapsed="0.244215"/>
</kw>
<kw name="Input Pass" owner="LoginPageKw">
<kw name="Input Text" owner="SeleniumLibrary">
<msg time="2025-03-03T14:23:06.523013" level="INFO">Typing text 'admin123' into text field 'name=password'.</msg>
<arg>${PASSWORD_FIELD}</arg>
<arg>${password}</arg>
<doc>Types the given ``text`` into the text field identified by ``locator``.</doc>
<status status="PASS" start="2025-03-03T14:23:06.523013" elapsed="0.331480"/>
</kw>
<arg>${pass}</arg>
<status status="PASS" start="2025-03-03T14:23:06.522018" elapsed="0.333473"/>
</kw>
<kw name="Click Login Button" owner="LoginPageKw">
<kw name="Click Button" owner="SeleniumLibrary">
<msg time="2025-03-03T14:23:06.857484" level="INFO">Clicking button 'xpath=//button[@type='submit']'.</msg>
<arg>${LOGIN_BUTTON}</arg>
<doc>Clicks the button identified by ``locator``.</doc>
<status status="PASS" start="2025-03-03T14:23:06.856487" elapsed="4.612338"/>
</kw>
<status status="PASS" start="2025-03-03T14:23:06.856183" elapsed="4.613641"/>
</kw>
<kw name="Page Should Contain text" owner="LoginPageKw">
<kw name="Sleep" owner="BuiltIn">
<msg time="2025-03-03T14:23:13.472308" level="INFO">Slept 2 seconds.</msg>
<arg>2s</arg>
<doc>Pauses the test executed for the given time.</doc>
<status status="PASS" start="2025-03-03T14:23:11.470820" elapsed="2.001488"/>
</kw>
<kw name="Page Should Contain" owner="SeleniumLibrary">
<msg time="2025-03-03T14:23:13.524169" level="INFO">Current page contains text 'Dashboard'.</msg>
<arg>${message}</arg>
<doc>Verifies that current page contains ``text``.</doc>
<status status="PASS" start="2025-03-03T14:23:13.472308" elapsed="0.051861"/>
</kw>
<arg>${message}</arg>
<status status="PASS" start="2025-03-03T14:23:11.470181" elapsed="2.054987"/>
</kw>
<arg>${userName}</arg>
<arg>${Password}</arg>
<arg>${Message}</arg>
<status status="PASS" start="2025-03-03T14:23:06.275804" elapsed="7.249364"/>
</kw>
<arg>userName=Admin</arg>
<arg>Password=admin123</arg>
<arg>Message=Dashboard</arg>
<status status="PASS" start="2025-03-03T14:23:06.274807" elapsed="7.250361"/>
</kw>
<kw name="Close Browser" owner="SeleniumLibrary" type="TEARDOWN">
<doc>Closes the current browser.</doc>
<status status="PASS" start="2025-03-03T14:23:13.526162" elapsed="4.390798"/>
</kw>
<status status="PASS" start="2025-03-03T14:18:25.716647" elapsed="292.201133"/>
</test>
<test id="s1-s1-t2" name="Login Tests Using CSV admin123 and admin123" line="19">
<kw name="Open Login Page" owner="LoginPageKw" type="SETUP">
<kw name="Open Browser" owner="SeleniumLibrary">
<msg time="2025-03-03T14:23:17.926757" level="INFO">Opening browser 'chrome' to base url 'https://opensource-demo.orangehrmlive.com/web/index.php/auth/login'.</msg>
<arg>${URL}</arg>
<arg>chrome</arg>
<doc>Opens a new browser instance to the optional ``url``.</doc>
<status status="PASS" start="2025-03-03T14:23:17.925758" elapsed="9.037994"/>
</kw>
<kw name="Maximize Browser Window" owner="SeleniumLibrary">
<doc>Maximizes current browser window.</doc>
<status status="PASS" start="2025-03-03T14:23:26.963752" elapsed="0.106140"/>
</kw>
<kw name="Sleep" owner="BuiltIn">
<msg time="2025-03-03T14:23:30.071059" level="INFO">Slept 3 seconds.</msg>
<arg>3s</arg>
<doc>Pauses the test executed for the given time.</doc>
<status status="PASS" start="2025-03-03T14:23:27.070827" elapsed="3.000232"/>
</kw>
<status status="PASS" start="2025-03-03T14:23:17.924760" elapsed="12.147310"/>
</kw>
<kw name="Test Data">
<kw name="Login" owner="LoginPageKw">
<kw name="Input User" owner="LoginPageKw">
<kw name="Input Text" owner="SeleniumLibrary">
<msg time="2025-03-03T14:23:30.085033" level="INFO">Typing text 'admin123' into text field 'name=username'.</msg>
<arg>${USERNAME_FIELD}</arg>
<arg>${username}</arg>
<doc>Types the given ``text`` into the text field identified by ``locator``.</doc>
<status status="PASS" start="2025-03-03T14:23:30.083035" elapsed="0.260075"/>
</kw>
<arg>${user}</arg>
<status status="PASS" start="2025-03-03T14:23:30.077164" elapsed="0.267069"/>
</kw>
<kw name="Input Pass" owner="LoginPageKw">
<kw name="Input Text" owner="SeleniumLibrary">
<msg time="2025-03-03T14:23:30.346103" level="INFO">Typing text 'admin123' into text field 'name=password'.</msg>
<arg>${PASSWORD_FIELD}</arg>
<arg>${password}</arg>
<doc>Types the given ``text`` into the text field identified by ``locator``.</doc>
<status status="PASS" start="2025-03-03T14:23:30.345619" elapsed="0.177634"/>
</kw>
<arg>${pass}</arg>
<status status="PASS" start="2025-03-03T14:23:30.344233" elapsed="0.179020"/>
</kw>
<kw name="Click Login Button" owner="LoginPageKw">
<kw name="Click Button" owner="SeleniumLibrary">
<msg time="2025-03-03T14:23:30.524250" level="INFO">Clicking button 'xpath=//button[@type='submit']'.</msg>
<arg>${LOGIN_BUTTON}</arg>
<doc>Clicks the button identified by ``locator``.</doc>
<status status="PASS" start="2025-03-03T14:23:30.524250" elapsed="0.163625"/>
</kw>
<status status="PASS" start="2025-03-03T14:23:30.523253" elapsed="0.165622"/>
</kw>
<kw name="Page Should Contain text" owner="LoginPageKw">
<kw name="Sleep" owner="BuiltIn">
<msg time="2025-03-03T14:23:32.702746" level="INFO">Slept 2 seconds.</msg>
<arg>2s</arg>
<doc>Pauses the test executed for the given time.</doc>
<status status="PASS" start="2025-03-03T14:23:30.690290" elapsed="2.012456"/>
</kw>
<kw name="Page Should Contain" owner="SeleniumLibrary">
<msg time="2025-03-03T14:23:32.906308" level="INFO">Current page contains text 'Invalid credentials'.</msg>
<arg>${message}</arg>
<doc>Verifies that current page contains ``text``.</doc>
<status status="PASS" start="2025-03-03T14:23:32.702746" elapsed="0.203562"/>
</kw>
<arg>${message}</arg>
<status status="PASS" start="2025-03-03T14:23:30.688875" elapsed="2.218431"/>
</kw>
<arg>${userName}</arg>
<arg>${Password}</arg>
<arg>${Message}</arg>
<status status="PASS" start="2025-03-03T14:23:30.074096" elapsed="2.833210"/>
</kw>
<arg>userName=admin123</arg>
<arg>Password=admin123</arg>
<arg>Message=Invalid credentials</arg>
<status status="PASS" start="2025-03-03T14:23:30.072070" elapsed="2.835991"/>
</kw>
<kw name="Close Browser" owner="SeleniumLibrary" type="TEARDOWN">
<doc>Closes the current browser.</doc>
<status status="PASS" start="2025-03-03T14:23:32.908300" elapsed="3.250150"/>
</kw>
<status status="PASS" start="2025-03-03T14:23:17.918778" elapsed="18.239672"/>
</test>
<test id="s1-s1-t3" name="Login Tests Using CSV admin12 and admin123" line="19">
<kw name="Open Login Page" owner="LoginPageKw" type="SETUP">
<kw name="Open Browser" owner="SeleniumLibrary">
<msg time="2025-03-03T14:23:36.164572" level="INFO">Opening browser 'chrome' to base url 'https://opensource-demo.orangehrmlive.com/web/index.php/auth/login'.</msg>
<arg>${URL}</arg>
<arg>chrome</arg>
<doc>Opens a new browser instance to the optional ``url``.</doc>
<status status="PASS" start="2025-03-03T14:23:36.163529" elapsed="6.187358"/>
</kw>
<kw name="Maximize Browser Window" owner="SeleniumLibrary">
<doc>Maximizes current browser window.</doc>
<status status="PASS" start="2025-03-03T14:23:42.351909" elapsed="0.036868"/>
</kw>
<kw name="Sleep" owner="BuiltIn">
<msg time="2025-03-03T14:23:45.391492" level="INFO">Slept 3 seconds.</msg>
<arg>3s</arg>
<doc>Pauses the test executed for the given time.</doc>
<status status="PASS" start="2025-03-03T14:23:42.389775" elapsed="3.001717"/>
</kw>
<status status="PASS" start="2025-03-03T14:23:36.162531" elapsed="9.229889"/>
</kw>
<kw name="Test Data">
<kw name="Login" owner="LoginPageKw">
<kw name="Input User" owner="LoginPageKw">
<kw name="Input Text" owner="SeleniumLibrary">
<msg time="2025-03-03T14:23:45.399437" level="INFO">Typing text 'admin12' into text field 'name=username'.</msg>
<arg>${USERNAME_FIELD}</arg>
<arg>${username}</arg>
<doc>Types the given ``text`` into the text field identified by ``locator``.</doc>
<status status="PASS" start="2025-03-03T14:23:45.397439" elapsed="0.356199"/>
</kw>
<arg>${user}</arg>
<status status="PASS" start="2025-03-03T14:23:45.396447" elapsed="0.358188"/>
</kw>
<kw name="Input Pass" owner="LoginPageKw">
<kw name="Input Text" owner="SeleniumLibrary">
<msg time="2025-03-03T14:23:45.758737" level="INFO">Typing text 'admin123' into text field 'name=password'.</msg>
<arg>${PASSWORD_FIELD}</arg>
<arg>${password}</arg>
<doc>Types the given ``text`` into the text field identified by ``locator``.</doc>
<status status="PASS" start="2025-03-03T14:23:45.757623" elapsed="0.191515"/>
</kw>
<arg>${pass}</arg>
<status status="PASS" start="2025-03-03T14:23:45.755631" elapsed="0.193507"/>
</kw>
<kw name="Click Login Button" owner="LoginPageKw">
<kw name="Click Button" owner="SeleniumLibrary">
<msg time="2025-03-03T14:23:45.951101" level="INFO">Clicking button 'xpath=//button[@type='submit']'.</msg>
<arg>${LOGIN_BUTTON}</arg>
<doc>Clicks the button identified by ``locator``.</doc>
<status status="PASS" start="2025-03-03T14:23:45.950101" elapsed="1.180738"/>
</kw>
<status status="PASS" start="2025-03-03T14:23:45.950101" elapsed="1.180738"/>
</kw>
<kw name="Page Should Contain text" owner="LoginPageKw">
<kw name="Sleep" owner="BuiltIn">
<msg time="2025-03-03T14:23:49.135575" level="INFO">Slept 2 seconds.</msg>
<arg>2s</arg>
<doc>Pauses the test executed for the given time.</doc>
<status status="PASS" start="2025-03-03T14:23:47.132652" elapsed="2.002923"/>
</kw>
<kw name="Page Should Contain" owner="SeleniumLibrary">
<msg time="2025-03-03T14:23:49.191772" level="INFO">Current page contains text 'Invalid credentials'.</msg>
<arg>${message}</arg>
<doc>Verifies that current page contains ``text``.</doc>
<status status="PASS" start="2025-03-03T14:23:49.136587" elapsed="0.056179"/>
</kw>
<arg>${message}</arg>
<status status="PASS" start="2025-03-03T14:23:47.131839" elapsed="2.060927"/>
</kw>
<arg>${userName}</arg>
<arg>${Password}</arg>
<arg>${Message}</arg>
<status status="PASS" start="2025-03-03T14:23:45.394411" elapsed="3.798355"/>
</kw>
<arg>userName=admin12</arg>
<arg>Password=admin123</arg>
<arg>Message=Invalid credentials</arg>
<status status="PASS" start="2025-03-03T14:23:45.392420" elapsed="3.801347"/>
</kw>
<kw name="Close Browser" owner="SeleniumLibrary" type="TEARDOWN">
<doc>Closes the current browser.</doc>
<status status="PASS" start="2025-03-03T14:23:49.194733" elapsed="30.284665"/>
</kw>
<status status="PASS" start="2025-03-03T14:23:36.159448" elapsed="43.319950"/>
</test>
<status status="PASS" start="2025-03-03T14:18:23.451000" elapsed="356.030099"/>
</suite>
<suite id="s1-s2" name="DataFromExcel" source="C:\Users\DELL\PycharmProjects\Robot Training\tests\DataFromExcel.robot">
<test id="s1-s2-t1" name="Login Test Using Excel Data Admin and admin123" line="21">
<kw name="Open Login Page" owner="LoginPageKw" type="SETUP">
<kw name="Open Browser" owner="SeleniumLibrary">
<msg time="2025-03-03T14:18:32.339819" level="INFO">Opening browser 'chrome' to base url 'https://opensource-demo.orangehrmlive.com/web/index.php/auth/login'.</msg>
<arg>${URL}</arg>
<arg>chrome</arg>
<doc>Opens a new browser instance to the optional ``url``.</doc>
<status status="PASS" start="2025-03-03T14:18:32.339819" elapsed="248.440136"/>
</kw>
<kw name="Maximize Browser Window" owner="SeleniumLibrary">
<doc>Maximizes current browser window.</doc>
<status status="PASS" start="2025-03-03T14:22:40.780952" elapsed="0.042824"/>
</kw>
<kw name="Sleep" owner="BuiltIn">
<msg time="2025-03-03T14:22:43.825411" level="INFO">Slept 3 seconds.</msg>
<arg>3s</arg>
<doc>Pauses the test executed for the given time.</doc>
<status status="PASS" start="2025-03-03T14:22:40.824627" elapsed="3.001310"/>
</kw>
<status status="PASS" start="2025-03-03T14:18:32.337826" elapsed="251.489120"/>
</kw>
<kw name="Test Data">
<kw name="Login" owner="LoginPageKw">
<kw name="Input User" owner="LoginPageKw">
<kw name="Input Text" owner="SeleniumLibrary">
<msg time="2025-03-03T14:22:43.842906" level="INFO">Typing text 'Admin' into text field 'name=username'.</msg>
<arg>${USERNAME_FIELD}</arg>
<arg>${username}</arg>
<doc>Types the given ``text`` into the text field identified by ``locator``.</doc>
<status status="PASS" start="2025-03-03T14:22:43.837918" elapsed="0.378211"/>
</kw>
<arg>${user}</arg>
<status status="PASS" start="2025-03-03T14:22:43.834924" elapsed="0.382205"/>
</kw>
<kw name="Input Pass" owner="LoginPageKw">
<kw name="Input Text" owner="SeleniumLibrary">
<msg time="2025-03-03T14:22:44.222313" level="INFO">Typing text 'admin123' into text field 'name=password'.</msg>
<arg>${PASSWORD_FIELD}</arg>
<arg>${password}</arg>
<doc>Types the given ``text`` into the text field identified by ``locator``.</doc>
<status status="PASS" start="2025-03-03T14:22:44.220364" elapsed="0.339026"/>
</kw>
<arg>${pass}</arg>
<status status="PASS" start="2025-03-03T14:22:44.217740" elapsed="0.342627"/>
</kw>
<kw name="Click Login Button" owner="LoginPageKw">
<kw name="Click Button" owner="SeleniumLibrary">
<msg time="2025-03-03T14:22:44.562362" level="INFO">Clicking button 'xpath=//button[@type='submit']'.</msg>
<arg>${LOGIN_BUTTON}</arg>
<doc>Clicks the button identified by ``locator``.</doc>
<status status="PASS" start="2025-03-03T14:22:44.561430" elapsed="0.131186"/>
</kw>
<status status="PASS" start="2025-03-03T14:22:44.560367" elapsed="0.132249"/>
</kw>
<kw name="Page Should Contain text" owner="LoginPageKw">
<kw name="Sleep" owner="BuiltIn">
<msg time="2025-03-03T14:22:46.695956" level="INFO">Slept 2 seconds.</msg>
<arg>2s</arg>
<doc>Pauses the test executed for the given time.</doc>
<status status="PASS" start="2025-03-03T14:22:44.694578" elapsed="2.001378"/>
</kw>
<kw name="Page Should Contain" owner="SeleniumLibrary">
<msg time="2025-03-03T14:22:47.053953" level="INFO" html="true">&lt;/td&gt;&lt;/tr&gt;&lt;tr&gt;&lt;td colspan="3"&gt;&lt;a href="1-selenium-screenshot-1.png"&gt;&lt;img src="1-selenium-screenshot-1.png" width="800px"&gt;&lt;/a&gt;</msg>
<msg time="2025-03-03T14:22:47.054852" level="FAIL">Page should have contained text 'Dashboard' but did not.</msg>
<arg>${message}</arg>
<doc>Verifies that current page contains ``text``.</doc>
<status status="FAIL" start="2025-03-03T14:22:46.695956" elapsed="0.395079">Page should have contained text 'Dashboard' but did not.</status>
</kw>
<arg>${message}</arg>
<status status="FAIL" start="2025-03-03T14:22:44.693576" elapsed="2.404443">Page should have contained text 'Dashboard' but did not.</status>
</kw>
<arg>${userName}</arg>
<arg>${Password}</arg>
<arg>${Message}</arg>
<status status="FAIL" start="2025-03-03T14:22:43.832931" elapsed="3.265088">Page should have contained text 'Dashboard' but did not.</status>
</kw>
<arg>userName=Admin</arg>
<arg>Password=admin123</arg>
<arg>Message=Dashboard</arg>
<status status="FAIL" start="2025-03-03T14:22:43.828941" elapsed="3.270071">Page should have contained text 'Dashboard' but did not.</status>
</kw>
<kw name="Close Browser" owner="SeleniumLibrary" type="TEARDOWN">
<doc>Closes the current browser.</doc>
<status status="PASS" start="2025-03-03T14:22:47.099012" elapsed="2.265447"/>
</kw>
<status status="FAIL" start="2025-03-03T14:18:32.331987" elapsed="257.033241">Page should have contained text 'Dashboard' but did not.</status>
</test>
<test id="s1-s2-t2" name="Login Test Using Excel Data AdminUser and admin123" line="21">
<kw name="Open Login Page" owner="LoginPageKw" type="SETUP">
<kw name="Open Browser" owner="SeleniumLibrary">
<msg time="2025-03-03T14:22:49.377201" level="INFO">Opening browser 'chrome' to base url 'https://opensource-demo.orangehrmlive.com/web/index.php/auth/login'.</msg>
<arg>${URL}</arg>
<arg>chrome</arg>
<doc>Opens a new browser instance to the optional ``url``.</doc>
<status status="PASS" start="2025-03-03T14:22:49.375213" elapsed="7.988861"/>
</kw>
<kw name="Maximize Browser Window" owner="SeleniumLibrary">
<doc>Maximizes current browser window.</doc>
<status status="PASS" start="2025-03-03T14:22:57.364074" elapsed="0.778513"/>
</kw>
<kw name="Sleep" owner="BuiltIn">
<msg time="2025-03-03T14:23:01.144245" level="INFO">Slept 3 seconds.</msg>
<arg>3s</arg>
<doc>Pauses the test executed for the given time.</doc>
<status status="PASS" start="2025-03-03T14:22:58.142587" elapsed="3.001658"/>
</kw>
<status status="PASS" start="2025-03-03T14:22:49.374210" elapsed="11.770549"/>
</kw>
<kw name="Test Data">
<kw name="Login" owner="LoginPageKw">
<kw name="Input User" owner="LoginPageKw">
<kw name="Input Text" owner="SeleniumLibrary">
<msg time="2025-03-03T14:23:01.148754" level="INFO">Typing text 'AdminUser' into text field 'name=username'.</msg>
<arg>${USERNAME_FIELD}</arg>
<arg>${username}</arg>
<doc>Types the given ``text`` into the text field identified by ``locator``.</doc>
<status status="PASS" start="2025-03-03T14:23:01.147756" elapsed="0.756231"/>
</kw>
<arg>${user}</arg>
<status status="PASS" start="2025-03-03T14:23:01.146759" elapsed="0.757228"/>
</kw>
<kw name="Input Pass" owner="LoginPageKw">
<kw name="Input Text" owner="SeleniumLibrary">
<msg time="2025-03-03T14:23:01.905981" level="INFO">Typing text 'admin123' into text field 'name=password'.</msg>
<arg>${PASSWORD_FIELD}</arg>
<arg>${password}</arg>
<doc>Types the given ``text`` into the text field identified by ``locator``.</doc>
<status status="PASS" start="2025-03-03T14:23:01.905981" elapsed="0.309059"/>
</kw>
<arg>${pass}</arg>
<status status="PASS" start="2025-03-03T14:23:01.904984" elapsed="0.310056"/>
</kw>
<kw name="Click Login Button" owner="LoginPageKw">
<kw name="Click Button" owner="SeleniumLibrary">
<msg time="2025-03-03T14:23:02.218808" level="INFO">Clicking button 'xpath=//button[@type='submit']'.</msg>
<arg>${LOGIN_BUTTON}</arg>
<doc>Clicks the button identified by ``locator``.</doc>
<status status="PASS" start="2025-03-03T14:23:02.217376" elapsed="1.379889"/>
</kw>
<status status="PASS" start="2025-03-03T14:23:02.216490" elapsed="1.381763"/>
</kw>
<kw name="Page Should Contain text" owner="LoginPageKw">
<kw name="Sleep" owner="BuiltIn">
<msg time="2025-03-03T14:23:05.602510" level="INFO">Slept 2 seconds.</msg>
<arg>2s</arg>
<doc>Pauses the test executed for the given time.</doc>
<status status="PASS" start="2025-03-03T14:23:03.601312" elapsed="2.001198"/>
</kw>
<kw name="Page Should Contain" owner="SeleniumLibrary">
<msg time="2025-03-03T14:23:05.627447" level="INFO">Current page contains text 'Invalid credentials'.</msg>
<arg>${message}</arg>
<doc>Verifies that current page contains ``text``.</doc>
<status status="PASS" start="2025-03-03T14:23:05.602510" elapsed="0.024937"/>
</kw>
<arg>${message}</arg>
<status status="PASS" start="2025-03-03T14:23:03.598253" elapsed="2.029194"/>
</kw>
<arg>${userName}</arg>
<arg>${Password}</arg>
<arg>${Message}</arg>
<status status="PASS" start="2025-03-03T14:23:01.145761" elapsed="4.481686"/>
</kw>
<arg>userName=AdminUser</arg>
<arg>Password=admin123</arg>
<arg>Message=Invalid credentials</arg>
<status status="PASS" start="2025-03-03T14:23:01.145115" elapsed="4.482332"/>
</kw>
<kw name="Close Browser" owner="SeleniumLibrary" type="TEARDOWN">
<doc>Closes the current browser.</doc>
<status status="PASS" start="2025-03-03T14:23:05.628605" elapsed="4.323085"/>
</kw>
<status status="PASS" start="2025-03-03T14:22:49.367228" elapsed="20.585420"/>
</test>
<test id="s1-s2-t3" name="Login Test Using Excel Data Admin123 and Admin123" line="21">
<kw name="Open Login Page" owner="LoginPageKw" type="SETUP">
<kw name="Open Browser" owner="SeleniumLibrary">
<msg time="2025-03-03T14:23:09.957637" level="INFO">Opening browser 'chrome' to base url 'https://opensource-demo.orangehrmlive.com/web/index.php/auth/login'.</msg>
<arg>${URL}</arg>
<arg>chrome</arg>
<doc>Opens a new browser instance to the optional ``url``.</doc>
<status status="PASS" start="2025-03-03T14:23:09.956641" elapsed="11.501190"/>
</kw>
<kw name="Maximize Browser Window" owner="SeleniumLibrary">
<doc>Maximizes current browser window.</doc>
<status status="PASS" start="2025-03-03T14:23:21.458336" elapsed="0.163563"/>
</kw>
<kw name="Sleep" owner="BuiltIn">
<msg time="2025-03-03T14:23:24.623850" level="INFO">Slept 3 seconds.</msg>
<arg>3s</arg>
<doc>Pauses the test executed for the given time.</doc>
<status status="PASS" start="2025-03-03T14:23:21.622896" elapsed="3.000954"/>
</kw>
<status status="PASS" start="2025-03-03T14:23:09.956641" elapsed="14.667209"/>
</kw>
<kw name="Test Data">
<kw name="Login" owner="LoginPageKw">
<kw name="Input User" owner="LoginPageKw">
<kw name="Input Text" owner="SeleniumLibrary">
<msg time="2025-03-03T14:23:24.628267" level="INFO">Typing text 'Admin123' into text field 'name=username'.</msg>
<arg>${USERNAME_FIELD}</arg>
<arg>${username}</arg>
<doc>Types the given ``text`` into the text field identified by ``locator``.</doc>
<status status="PASS" start="2025-03-03T14:23:24.627841" elapsed="0.418126"/>
</kw>
<arg>${user}</arg>
<status status="PASS" start="2025-03-03T14:23:24.626842" elapsed="0.419125"/>
</kw>
<kw name="Input Pass" owner="LoginPageKw">
<kw name="Input Text" owner="SeleniumLibrary">
<msg time="2025-03-03T14:23:25.049064" level="INFO">Typing text 'Admin123' into text field 'name=password'.</msg>
<arg>${PASSWORD_FIELD}</arg>
<arg>${password}</arg>
<doc>Types the given ``text`` into the text field identified by ``locator``.</doc>
<status status="PASS" start="2025-03-03T14:23:25.048167" elapsed="0.213750"/>
</kw>
<arg>${pass}</arg>
<status status="PASS" start="2025-03-03T14:23:25.046964" elapsed="0.214953"/>
</kw>
<kw name="Click Login Button" owner="LoginPageKw">
<kw name="Click Button" owner="SeleniumLibrary">
<msg time="2025-03-03T14:23:25.264911" level="INFO">Clicking button 'xpath=//button[@type='submit']'.</msg>
<arg>${LOGIN_BUTTON}</arg>
<doc>Clicks the button identified by ``locator``.</doc>
<status status="PASS" start="2025-03-03T14:23:25.263970" elapsed="1.862507"/>
</kw>
<status status="PASS" start="2025-03-03T14:23:25.261917" elapsed="1.864560"/>
</kw>
<kw name="Page Should Contain text" owner="LoginPageKw">
<kw name="Sleep" owner="BuiltIn">
<msg time="2025-03-03T14:23:29.128963" level="INFO">Slept 2 seconds.</msg>
<arg>2s</arg>
<doc>Pauses the test executed for the given time.</doc>
<status status="PASS" start="2025-03-03T14:23:27.128474" elapsed="2.000489"/>
</kw>
<kw name="Page Should Contain" owner="SeleniumLibrary">
<msg time="2025-03-03T14:23:29.162460" level="INFO">Current page contains text 'Invalid credentials'.</msg>
<arg>${message}</arg>
<doc>Verifies that current page contains ``text``.</doc>
<status status="PASS" start="2025-03-03T14:23:29.129954" elapsed="0.032506"/>
</kw>
<arg>${message}</arg>
<status status="PASS" start="2025-03-03T14:23:27.127475" elapsed="2.034985"/>
</kw>
<arg>${userName}</arg>
<arg>${Password}</arg>
<arg>${Message}</arg>
<status status="PASS" start="2025-03-03T14:23:24.625845" elapsed="4.537611"/>
</kw>
<arg>userName=Admin123</arg>
<arg>Password=Admin123</arg>
<arg>Message=Invalid credentials</arg>
<status status="PASS" start="2025-03-03T14:23:24.623850" elapsed="4.539606"/>
</kw>
<kw name="Close Browser" owner="SeleniumLibrary" type="TEARDOWN">
<doc>Closes the current browser.</doc>
<status status="PASS" start="2025-03-03T14:23:29.164559" elapsed="2.638590"/>
</kw>
<status status="PASS" start="2025-03-03T14:23:09.952648" elapsed="21.850501"/>
</test>
<status status="FAIL" start="2025-03-03T14:18:22.655021" elapsed="309.149069"/>
</suite>
<suite id="s1-s3" name="DataFromJson" source="C:\Users\DELL\PycharmProjects\Robot Training\tests\DataFromJson.robot">
<test id="s1-s3-t1" name="Login Test with JSON Data" line="12">
<kw name="Load Json From File" owner="JSONLibrary">
<msg time="2025-03-03T14:18:26.356605" level="INFO">${data} = {'testdata': [{'userName': 'Admin', 'Password': 'admin123', 'Message': 'Dashboard'}, {'userName': 'User1', 'Password': 'Pass123', 'Message': 'Invalid credentials'}, {'userName': 'Adminn', 'Password': ...</msg>
<var>${data}</var>
<arg>${JSON_FILE}</arg>
<doc>Load JSON from file.</doc>
<status status="PASS" start="2025-03-03T14:18:26.354610" elapsed="0.002993"/>
</kw>
<kw name="Log To Console" owner="BuiltIn">
<arg>${data}</arg>
<doc>Logs the given message to the console.</doc>
<status status="PASS" start="2025-03-03T14:18:26.357973" elapsed="0.000627"/>
</kw>
<kw name="Log To Console" owner="BuiltIn">
<arg>${data['testdata'][2]}</arg>
<doc>Logs the given message to the console.</doc>
<status status="PASS" start="2025-03-03T14:18:26.358600" elapsed="0.011969"/>
</kw>
<for flavor="IN">
<iter>
<kw name="Open Login Page" owner="LoginPageKw">
<kw name="Open Browser" owner="SeleniumLibrary">
<msg time="2025-03-03T14:18:26.374558" level="INFO">Opening browser 'chrome' to base url 'https://opensource-demo.orangehrmlive.com/web/index.php/auth/login'.</msg>
<msg time="2025-03-03T14:19:43.146214" level="WARN">There was an error managing chromedriver (error sending request for url (https://googlechromelabs.github.io/chrome-for-testing/known-good-versions-with-downloads.json)); using driver found in the cache</msg>
<arg>${URL}</arg>
<arg>chrome</arg>
<doc>Opens a new browser instance to the optional ``url``.</doc>
<status status="PASS" start="2025-03-03T14:18:26.373703" elapsed="81.537061"/>
</kw>
<kw name="Maximize Browser Window" owner="SeleniumLibrary">
<doc>Maximizes current browser window.</doc>
<status status="PASS" start="2025-03-03T14:19:47.911760" elapsed="8.615435"/>
</kw>
<kw name="Sleep" owner="BuiltIn">
<msg time="2025-03-03T14:19:59.528486" level="INFO">Slept 3 seconds.</msg>
<arg>3s</arg>
<doc>Pauses the test executed for the given time.</doc>
<status status="PASS" start="2025-03-03T14:19:56.527195" elapsed="3.001291"/>
</kw>
<status status="PASS" start="2025-03-03T14:18:26.372778" elapsed="93.157185"/>
</kw>
<kw name="Login" owner="LoginPageKw">
<kw name="Input User" owner="LoginPageKw">
<kw name="Input Text" owner="SeleniumLibrary">
<msg time="2025-03-03T14:19:59.569071" level="INFO">Typing text 'Admin' into text field 'name=username'.</msg>
<msg time="2025-03-03T14:19:59.734228" level="INFO" html="true">&lt;/td&gt;&lt;/tr&gt;&lt;tr&gt;&lt;td colspan="3"&gt;&lt;a href="2-selenium-screenshot-1.png"&gt;&lt;img src="2-selenium-screenshot-1.png" width="800px"&gt;&lt;/a&gt;</msg>
<msg time="2025-03-03T14:19:59.734228" level="FAIL">Element with locator 'name=username' not found.</msg>
<arg>${USERNAME_FIELD}</arg>
<arg>${username}</arg>
<doc>Types the given ``text`` into the text field identified by ``locator``.</doc>
<status status="FAIL" start="2025-03-03T14:19:59.551209" elapsed="0.288853">Element with locator 'name=username' not found.</status>
</kw>
<arg>${user}</arg>
<status status="FAIL" start="2025-03-03T14:19:59.549228" elapsed="0.296820">Element with locator 'name=username' not found.</status>
</kw>
<kw name="Input Pass" owner="LoginPageKw">
<arg>${pass}</arg>
<status status="NOT RUN" start="2025-03-03T14:19:59.846048" elapsed="0.000493"/>
</kw>
<kw name="Click Login Button" owner="LoginPageKw">
<status status="NOT RUN" start="2025-03-03T14:19:59.846541" elapsed="0.000000"/>
</kw>
<kw name="Page Should Contain text" owner="LoginPageKw">
<arg>${message}</arg>
<status status="NOT RUN" start="2025-03-03T14:19:59.847045" elapsed="0.000000"/>
</kw>
<arg>${case['userName']}</arg>
<arg>${case['Password']}</arg>
<arg>${case['Message']}</arg>
<status status="FAIL" start="2025-03-03T14:19:59.530409" elapsed="0.316636">Element with locator 'name=username' not found.</status>
</kw>
<kw name="Close Browser" owner="SeleniumLibrary">
<doc>Closes the current browser.</doc>
<status status="NOT RUN" start="2025-03-03T14:19:59.847045" elapsed="0.000997"/>
</kw>
<var name="${case}">{'userName': 'Admin', 'Password': 'admin123', 'Message': 'Dashboard'}</var>
<status status="FAIL" start="2025-03-03T14:18:26.371566" elapsed="93.476476">Element with locator 'name=username' not found.</status>
</iter>
<var>${case}</var>
<value>@{data['testdata']}</value>
<status status="FAIL" start="2025-03-03T14:18:26.370569" elapsed="93.477473">Element with locator 'name=username' not found.</status>
</for>
<status status="FAIL" start="2025-03-03T14:18:26.352616" elapsed="93.495426">Element with locator 'name=username' not found.</status>
</test>
<status status="FAIL" start="2025-03-03T14:18:23.643633" elapsed="96.205405"/>
</suite>
<suite id="s1-s4" name="FirstTest" source="C:\Users\DELL\PycharmProjects\Robot Training\tests\FirstTest.robot">
<test id="s1-s4-t1" name="Verify Example Page Title" line="8">
<kw name="Open Browser" owner="SeleniumLibrary">
<msg time="2025-03-03T14:18:26.329677" level="INFO">Opening browser 'Chrome' to base url 'https://example.com'.</msg>
<arg>${URL}</arg>
<arg>Chrome</arg>
<doc>Opens a new browser instance to the optional ``url``.</doc>
<status status="PASS" start="2025-03-03T14:18:26.328681" elapsed="244.168533"/>
</kw>
<kw name="Sleep" owner="BuiltIn">
<msg time="2025-03-03T14:22:33.499652" level="INFO">Slept 3 seconds.</msg>
<arg>3s</arg>
<doc>Pauses the test executed for the given time.</doc>
<status status="PASS" start="2025-03-03T14:22:30.498211" elapsed="3.002785"/>
</kw>
<kw name="Title Should Be" owner="SeleniumLibrary">
<msg time="2025-03-03T14:22:33.571802" level="INFO">Page title is 'Example Domain'.</msg>
<arg>Example Domain</arg>
<doc>Verifies that the current page title equals ``title``.</doc>
<status status="PASS" start="2025-03-03T14:22:33.501994" elapsed="0.069808"/>
</kw>
<kw name="Sleep" owner="BuiltIn">
<msg time="2025-03-03T14:22:36.573664" level="INFO">Slept 3 seconds.</msg>
<arg>3s</arg>
<doc>Pauses the test executed for the given time.</doc>
<status status="PASS" start="2025-03-03T14:22:33.572800" elapsed="3.000864"/>
</kw>
<kw name="Close Browser" owner="SeleniumLibrary">
<doc>Closes the current browser.</doc>
<status status="PASS" start="2025-03-03T14:22:36.573664" elapsed="2.105966"/>
</kw>
<status status="PASS" start="2025-03-03T14:18:26.326687" elapsed="252.353945"/>
</test>
<status status="PASS" start="2025-03-03T14:18:23.832418" elapsed="254.851198"/>
</suite>
<suite id="s1-s5" name="ForLoop" source="C:\Users\DELL\PycharmProjects\Robot Training\tests\ForLoop.robot">
<test id="s1-s5-t1" name="For_Loop" line="12">
<for flavor="IN RANGE">
<iter>
<kw name="Log To Console" owner="BuiltIn">
<arg>${i}</arg>
<doc>Logs the given message to the console.</doc>
<status status="PASS" start="2025-03-03T14:18:25.263979" elapsed="0.001989"/>
</kw>
<var name="${i}">1</var>
<status status="PASS" start="2025-03-03T14:18:25.261980" elapsed="0.003988"/>
</iter>
<iter>
<kw name="Log To Console" owner="BuiltIn">
<arg>${i}</arg>
<doc>Logs the given message to the console.</doc>
<status status="PASS" start="2025-03-03T14:18:25.266966" elapsed="0.000271"/>
</kw>
<var name="${i}">2</var>
<status status="PASS" start="2025-03-03T14:18:25.266556" elapsed="0.000681"/>
</iter>
<iter>
<kw name="Log To Console" owner="BuiltIn">
<arg>${i}</arg>
<doc>Logs the given message to the console.</doc>
<status status="PASS" start="2025-03-03T14:18:25.267964" elapsed="0.000997"/>
</kw>
<var name="${i}">3</var>
<status status="PASS" start="2025-03-03T14:18:25.267964" elapsed="0.001206"/>
</iter>
<iter>
<kw name="Log To Console" owner="BuiltIn">
<arg>${i}</arg>
<doc>Logs the given message to the console.</doc>
<status status="PASS" start="2025-03-03T14:18:25.269959" elapsed="0.000224"/>
</kw>
<var name="${i}">4</var>
<status status="PASS" start="2025-03-03T14:18:25.269170" elapsed="0.001013"/>
</iter>
<iter>
<kw name="Log To Console" owner="BuiltIn">
<arg>${i}</arg>
<doc>Logs the given message to the console.</doc>
<status status="PASS" start="2025-03-03T14:18:25.270956" elapsed="0.000997"/>
</kw>
<var name="${i}">5</var>
<status status="PASS" start="2025-03-03T14:18:25.270956" elapsed="0.000997"/>
</iter>
<iter>
<kw name="Log To Console" owner="BuiltIn">
<arg>${i}</arg>
<doc>Logs the given message to the console.</doc>
<status status="PASS" start="2025-03-03T14:18:25.272951" elapsed="0.000000"/>
</kw>
<var name="${i}">6</var>
<status status="PASS" start="2025-03-03T14:18:25.271953" elapsed="0.000998"/>
</iter>
<iter>
<kw name="Log To Console" owner="BuiltIn">
<arg>${i}</arg>
<doc>Logs the given message to the console.</doc>
<status status="PASS" start="2025-03-03T14:18:25.273947" elapsed="0.000000"/>
</kw>
<var name="${i}">7</var>
<status status="PASS" start="2025-03-03T14:18:25.273947" elapsed="0.000998"/>
</iter>
<iter>
<kw name="Log To Console" owner="BuiltIn">
<arg>${i}</arg>
<doc>Logs the given message to the console.</doc>
<status status="PASS" start="2025-03-03T14:18:25.274945" elapsed="0.000997"/>
</kw>
<var name="${i}">8</var>
<status status="PASS" start="2025-03-03T14:18:25.274945" elapsed="0.000997"/>
</iter>
<iter>
<kw name="Log To Console" owner="BuiltIn">
<arg>${i}</arg>
<doc>Logs the given message to the console.</doc>
<status status="PASS" start="2025-03-03T14:18:25.276940" elapsed="0.000000"/>
</kw>
<var name="${i}">9</var>
<status status="PASS" start="2025-03-03T14:18:25.275942" elapsed="0.000998"/>
</iter>
<var>${i}</var>
<value>1</value>
<value>10</value>
<status status="PASS" start="2025-03-03T14:18:25.260980" elapsed="0.015960"/>
</for>
<status status="PASS" start="2025-03-03T14:18:25.259985" elapsed="0.031007"/>
</test>
<test id="s1-s5-t2" name="For_Loop for List" line="16">
<for flavor="IN">
<iter>
<kw name="Log To Console" owner="BuiltIn">
<arg>${element}</arg>
<doc>Logs the given message to the console.</doc>
<status status="PASS" start="2025-03-03T14:18:25.292896" elapsed="0.000998"/>
</kw>
<var name="${element}">1 2 3 4 5 6 7 8 9</var>
<status status="PASS" start="2025-03-03T14:18:25.292896" elapsed="0.000998"/>
</iter>
<var>${element}</var>
<value>@{nums}</value>
<status status="PASS" start="2025-03-03T14:18:25.291900" elapsed="0.001994"/>
</for>
<status status="PASS" start="2025-03-03T14:18:25.291900" elapsed="0.002991"/>
</test>
<test id="s1-s5-t3" name="For_loop with Strings" line="20">
<for flavor="IN">
<iter>
<kw name="Log To Console" owner="BuiltIn">
<arg>${string}</arg>
<doc>Logs the given message to the console.</doc>
<status status="PASS" start="2025-03-03T14:18:25.295889" elapsed="0.000999"/>
</kw>
<var name="${string}">mahi</var>
<status status="PASS" start="2025-03-03T14:18:25.295889" elapsed="0.000999"/>
</iter>
<iter>
<kw name="Log To Console" owner="BuiltIn">
<arg>${string}</arg>
<doc>Logs the given message to the console.</doc>
<status status="PASS" start="2025-03-03T14:18:25.297883" elapsed="0.001323"/>
</kw>
<var name="${string}">mahesh</var>
<status status="PASS" start="2025-03-03T14:18:25.296888" elapsed="0.002318"/>
</iter>
<iter>
<kw name="Log To Console" owner="BuiltIn">
<arg>${string}</arg>
<doc>Logs the given message to the console.</doc>
<status status="PASS" start="2025-03-03T14:18:25.299879" elapsed="0.000000"/>
</kw>
<var name="${string}">mahendra</var>
<status status="PASS" start="2025-03-03T14:18:25.299879" elapsed="0.000998"/>
</iter>
<var>${string}</var>
<value>@{str}</value>
<status status="PASS" start="2025-03-03T14:18:25.295889" elapsed="0.004988"/>
</for>
<status status="PASS" start="2025-03-03T14:18:25.294891" elapsed="0.005986"/>
</test>
<test id="s1-s5-t4" name="For_Loop with Condition" line="24">
<for flavor="IN RANGE">
<iter>
<kw name="Log To Console" owner="BuiltIn">
<arg>${i}</arg>
<doc>Logs the given message to the console.</doc>
<status status="PASS" start="2025-03-03T14:18:25.302871" elapsed="0.000997"/>
</kw>
<kw name="Exit For Loop If" owner="BuiltIn">
<arg>${i}==7</arg>
<doc>Stops executing the enclosing FOR loop if the ``condition`` is true.</doc>
<status status="PASS" start="2025-03-03T14:18:25.303868" elapsed="0.000997"/>
</kw>
<var name="${i}">1</var>
<status status="PASS" start="2025-03-03T14:18:25.302871" elapsed="0.001994"/>
</iter>
<iter>
<kw name="Log To Console" owner="BuiltIn">
<arg>${i}</arg>
<doc>Logs the given message to the console.</doc>
<status status="PASS" start="2025-03-03T14:18:25.304865" elapsed="0.001001"/>
</kw>
<kw name="Exit For Loop If" owner="BuiltIn">
<arg>${i}==7</arg>
<doc>Stops executing the enclosing FOR loop if the ``condition`` is true.</doc>
<status status="PASS" start="2025-03-03T14:18:25.305866" elapsed="0.000994"/>
</kw>
<var name="${i}">2</var>
<status status="PASS" start="2025-03-03T14:18:25.304865" elapsed="0.001995"/>
</iter>
<iter>
<kw name="Log To Console" owner="BuiltIn">
<arg>${i}</arg>
<doc>Logs the given message to the console.</doc>
<status status="PASS" start="2025-03-03T14:18:25.306860" elapsed="0.000997"/>
</kw>
<kw name="Exit For Loop If" owner="BuiltIn">
<arg>${i}==7</arg>
<doc>Stops executing the enclosing FOR loop if the ``condition`` is true.</doc>
<status status="PASS" start="2025-03-03T14:18:25.307857" elapsed="0.000997"/>
</kw>
<var name="${i}">3</var>
<status status="PASS" start="2025-03-03T14:18:25.306860" elapsed="0.001994"/>
</iter>
<iter>
<kw name="Log To Console" owner="BuiltIn">
<arg>${i}</arg>
<doc>Logs the given message to the console.</doc>
<status status="PASS" start="2025-03-03T14:18:25.308854" elapsed="0.000997"/>
</kw>
<kw name="Exit For Loop If" owner="BuiltIn">
<arg>${i}==7</arg>
<doc>Stops executing the enclosing FOR loop if the ``condition`` is true.</doc>
<status status="PASS" start="2025-03-03T14:18:25.309851" elapsed="0.000998"/>
</kw>
<var name="${i}">4</var>
<status status="PASS" start="2025-03-03T14:18:25.308854" elapsed="0.001995"/>
</iter>
<iter>
<kw name="Log To Console" owner="BuiltIn">
<arg>${i}</arg>
<doc>Logs the given message to the console.</doc>
<status status="PASS" start="2025-03-03T14:18:25.311846" elapsed="0.000000"/>
</kw>
<kw name="Exit For Loop If" owner="BuiltIn">
<arg>${i}==7</arg>
<doc>Stops executing the enclosing FOR loop if the ``condition`` is true.</doc>
<status status="PASS" start="2025-03-03T14:18:25.312844" elapsed="0.000000"/>
</kw>
<var name="${i}">5</var>
<status status="PASS" start="2025-03-03T14:18:25.311846" elapsed="0.001995"/>
</iter>
<iter>
<kw name="Log To Console" owner="BuiltIn">
<arg>${i}</arg>
<doc>Logs the given message to the console.</doc>
<status status="PASS" start="2025-03-03T14:18:25.314839" elapsed="0.000996"/>
</kw>
<kw name="Exit For Loop If" owner="BuiltIn">
<arg>${i}==7</arg>
<doc>Stops executing the enclosing FOR loop if the ``condition`` is true.</doc>
<status status="PASS" start="2025-03-03T14:18:25.315835" elapsed="0.000998"/>
</kw>
<var name="${i}">6</var>
<status status="PASS" start="2025-03-03T14:18:25.313841" elapsed="0.002992"/>
</iter>
<iter>
<kw name="Log To Console" owner="BuiltIn">
<arg>${i}</arg>
<doc>Logs the given message to the console.</doc>
<status status="PASS" start="2025-03-03T14:18:25.316833" elapsed="0.000996"/>
</kw>
<kw name="Exit For Loop If" owner="BuiltIn">
<msg time="2025-03-03T14:18:25.318826" level="INFO">Exiting for loop altogether.</msg>
<arg>${i}==7</arg>
<doc>Stops executing the enclosing FOR loop if the ``condition`` is true.</doc>
<status status="PASS" start="2025-03-03T14:18:25.317829" elapsed="0.000997"/>
</kw>
<var name="${i}">7</var>
<status status="PASS" start="2025-03-03T14:18:25.316833" elapsed="0.001993"/>
</iter>
<var>${i}</var>
<value>1</value>
<value>10</value>
<status status="PASS" start="2025-03-03T14:18:25.301873" elapsed="0.016953"/>
</for>
<status status="PASS" start="2025-03-03T14:18:25.301873" elapsed="0.016953"/>
</test>
<test id="s1-s5-t5" name="For_Loop With Dictonaries" line="29">
<kw name="Get Dictionary Keys" owner="Collections">
<msg time="2025-03-03T14:18:25.320820" level="INFO">@{dict_keys} = [ age | mob_no | name ]</msg>
<var>@{dict_keys}</var>
<arg>${var}</arg>
<doc>Returns keys of the given ``dictionary`` as a list.</doc>
<status status="PASS" start="2025-03-03T14:18:25.320820" elapsed="0.001000"/>
</kw>
<kw name="Log To Console" owner="BuiltIn">
<arg>${dict_keys}</arg>
<doc>Logs the given message to the console.</doc>
<status status="PASS" start="2025-03-03T14:18:25.321820" elapsed="0.000641"/>
</kw>
<kw name="Get Dictionary Values" owner="Collections">
<msg time="2025-03-03T14:18:25.328799" level="INFO">@{values} = [ 23 | 9100 | mahi ]</msg>
<var>@{values}</var>
<arg>${var}</arg>
<doc>Returns values of the given ``dictionary`` as a list.</doc>
<status status="PASS" start="2025-03-03T14:18:25.322816" elapsed="0.005983"/>
</kw>
<kw name="Log To Console" owner="BuiltIn">
<arg>${values}</arg>
<doc>Logs the given message to the console.</doc>
<status status="PASS" start="2025-03-03T14:18:25.332598" elapsed="0.000192"/>
</kw>
<for flavor="IN">
<iter>
<kw name="Log To Console" owner="BuiltIn">
<arg>${key}</arg>
<doc>Logs the given message to the console.</doc>
<status status="PASS" start="2025-03-03T14:18:25.333786" elapsed="0.000999"/>
</kw>
<kw name="Get From Dictionary" owner="Collections">
<msg time="2025-03-03T14:18:25.334785" level="INFO">${value} = 23</msg>
<var>${value}</var>
<arg>${var}</arg>
<arg>${key}</arg>
<doc>Returns a value from the given ``dictionary`` based on the given ``key``.</doc>
<status status="PASS" start="2025-03-03T14:18:25.334785" elapsed="0.000000"/>
</kw>
<kw name="Log To Console" owner="BuiltIn">
<arg>${value}</arg>
<doc>Logs the given message to the console.</doc>
<status status="PASS" start="2025-03-03T14:18:25.335782" elapsed="0.000000"/>
</kw>
<kw name="Log To Console" owner="BuiltIn">
<arg>${key}=${value}</arg>
<doc>Logs the given message to the console.</doc>
<status status="PASS" start="2025-03-03T14:18:25.335782" elapsed="0.000998"/>
</kw>
<var name="${key}">age</var>
<status status="PASS" start="2025-03-03T14:18:25.333786" elapsed="0.002994"/>
</iter>
<iter>
<kw name="Log To Console" owner="BuiltIn">
<arg>${key}</arg>
<doc>Logs the given message to the console.</doc>
<status status="PASS" start="2025-03-03T14:18:25.337776" elapsed="0.000756"/>
</kw>
<kw name="Get From Dictionary" owner="Collections">
<msg time="2025-03-03T14:18:25.338774" level="INFO">${value} = 9100</msg>
<var>${value}</var>
<arg>${var}</arg>
<arg>${key}</arg>
<doc>Returns a value from the given ``dictionary`` based on the given ``key``.</doc>
<status status="PASS" start="2025-03-03T14:18:25.338774" elapsed="0.001038"/>
</kw>
<kw name="Log To Console" owner="BuiltIn">
<arg>${value}</arg>
<doc>Logs the given message to the console.</doc>
<status status="PASS" start="2025-03-03T14:18:25.339812" elapsed="0.000956"/>
</kw>
<kw name="Log To Console" owner="BuiltIn">
<arg>${key}=${value}</arg>
<doc>Logs the given message to the console.</doc>
<status status="PASS" start="2025-03-03T14:18:25.340768" elapsed="0.000999"/>
</kw>
<var name="${key}">mob_no</var>
<status status="PASS" start="2025-03-03T14:18:25.337776" elapsed="0.003991"/>
</iter>
<iter>
<kw name="Log To Console" owner="BuiltIn">
<arg>${key}</arg>
<doc>Logs the given message to the console.</doc>
<status status="PASS" start="2025-03-03T14:18:25.342340" elapsed="0.000423"/>
</kw>
<kw name="Get From Dictionary" owner="Collections">
<msg time="2025-03-03T14:18:25.343761" level="INFO">${value} = mahi</msg>
<var>${value}</var>
<arg>${var}</arg>
<arg>${key}</arg>
<doc>Returns a value from the given ``dictionary`` based on the given ``key``.</doc>
<status status="PASS" start="2025-03-03T14:18:25.342763" elapsed="0.000998"/>
</kw>
<kw name="Log To Console" owner="BuiltIn">
<arg>${value}</arg>
<doc>Logs the given message to the console.</doc>
<status status="PASS" start="2025-03-03T14:18:25.343761" elapsed="0.001032"/>
</kw>
<kw name="Log To Console" owner="BuiltIn">
<arg>${key}=${value}</arg>
<doc>Logs the given message to the console.</doc>
<status status="PASS" start="2025-03-03T14:18:25.345755" elapsed="0.000996"/>
</kw>
<var name="${key}">name</var>
<status status="PASS" start="2025-03-03T14:18:25.341767" elapsed="0.004984"/>
</iter>
<var>${key}</var>
<value>@{dict_keys}</value>
<status status="PASS" start="2025-03-03T14:18:25.332790" elapsed="0.017638"/>
</for>
<status status="PASS" start="2025-03-03T14:18:25.319823" elapsed="0.030918"/>
</test>
<status status="PASS" start="2025-03-03T14:18:23.496909" elapsed="1.854830"/>
</suite>
<suite id="s1-s6" name="Headless" source="C:\Users\DELL\PycharmProjects\Robot Training\tests\Headless.robot">
<test id="s1-s6-t1" name="Run Tests under Headless Browser" line="7">
<kw name="Open Browser" owner="SeleniumLibrary">
<msg time="2025-03-03T14:18:25.752551" level="INFO">Opening browser 'headlesschrome' to base url 'https://www.google.com/'.</msg>
<arg>${URL}</arg>
<arg>headlesschrome</arg>
<doc>Opens a new browser instance to the optional ``url``.</doc>
<status status="PASS" start="2025-03-03T14:18:25.752551" elapsed="274.353651"/>
</kw>
<kw name="Maximize Browser Window" owner="SeleniumLibrary">
<doc>Maximizes current browser window.</doc>
<status status="PASS" start="2025-03-03T14:23:00.107191" elapsed="0.138082"/>
</kw>
<kw name="Sleep" owner="BuiltIn">
<msg time="2025-03-03T14:23:02.246491" level="INFO">Slept 2 seconds.</msg>
<arg>2s</arg>
<doc>Pauses the test executed for the given time.</doc>
<status status="PASS" start="2025-03-03T14:23:00.245578" elapsed="2.000913"/>
</kw>
<kw name="Input Text" owner="SeleniumLibrary">
<msg time="2025-03-03T14:23:02.248000" level="INFO">Typing text 'Automation Step by step' into text field 'class=gLFyf'.</msg>
<arg>class=gLFyf</arg>
<arg>Automation Step by step</arg>
<doc>Types the given ``text`` into the text field identified by ``locator``.</doc>
<status status="PASS" start="2025-03-03T14:23:02.246998" elapsed="0.562374"/>
</kw>
<kw name="Sleep" owner="BuiltIn">
<msg time="2025-03-03T14:23:04.810833" level="INFO">Slept 2 seconds.</msg>
<arg>2s</arg>
<doc>Pauses the test executed for the given time.</doc>
<status status="PASS" start="2025-03-03T14:23:02.809372" elapsed="2.001461"/>
</kw>
<kw name="Click Button" owner="SeleniumLibrary">
<msg time="2025-03-03T14:23:04.812838" level="INFO">Clicking button 'class=gNO89b'.</msg>
<arg>class=gNO89b</arg>
<doc>Clicks the button identified by ``locator``.</doc>
<status status="PASS" start="2025-03-03T14:23:04.810833" elapsed="13.892564"/>
</kw>
<kw name="Sleep" owner="BuiltIn">
<msg time="2025-03-03T14:23:20.705552" level="INFO">Slept 2 seconds.</msg>
<arg>2s</arg>
<doc>Pauses the test executed for the given time.</doc>
<status status="PASS" start="2025-03-03T14:23:18.704395" elapsed="2.001157"/>
</kw>
<kw name="Double Click Element" owner="SeleniumLibrary">
<msg time="2025-03-03T14:23:20.706549" level="INFO">Double clicking element 'class=YmvwI'.</msg>
<msg time="2025-03-03T14:23:22.104531" level="INFO" html="true">&lt;/td&gt;&lt;/tr&gt;&lt;tr&gt;&lt;td colspan="3"&gt;&lt;a href="5-selenium-screenshot-1.png"&gt;&lt;img src="5-selenium-screenshot-1.png" width="800px"&gt;&lt;/a&gt;</msg>
<msg time="2025-03-03T14:23:22.104531" level="FAIL">Element with locator 'class=YmvwI' not found.</msg>
<arg>class=YmvwI</arg>
<doc>Double clicks the element identified by ``locator``.</doc>
<status status="FAIL" start="2025-03-03T14:23:20.705552" elapsed="1.405218">Element with locator 'class=YmvwI' not found.</status>
</kw>
<kw name="Sleep" owner="BuiltIn">
<arg>5s</arg>
<doc>Pauses the test executed for the given time.</doc>
<status status="NOT RUN" start="2025-03-03T14:23:22.110770" elapsed="0.000000"/>
</kw>
<kw name="Close Browser" owner="SeleniumLibrary">
<doc>Closes the current browser.</doc>
<status status="NOT RUN" start="2025-03-03T14:23:22.111728" elapsed="0.000000"/>
</kw>
<status status="FAIL" start="2025-03-03T14:18:25.749386" elapsed="296.362342">Element with locator 'class=YmvwI' not found.</status>
</test>
<status status="FAIL" start="2025-03-03T14:18:23.651297" elapsed="298.471690"/>
</suite>
<suite id="s1-s7" name="LoginTest" source="C:\Users\DELL\PycharmProjects\Robot Training\tests\LoginTest.robot">
<test id="s1-s7-t1" name="Valid Login Test" line="11">
<kw name="Open Login Page" owner="LoginPageKw" type="SETUP">
<kw name="Open Browser" owner="SeleniumLibrary">
<msg time="2025-03-03T14:18:24.820992" level="INFO">Opening browser 'chrome' to base url 'https://opensource-demo.orangehrmlive.com/web/index.php/auth/login'.</msg>
<arg>${URL}</arg>
<arg>chrome</arg>
<doc>Opens a new browser instance to the optional ``url``.</doc>
<status status="PASS" start="2025-03-03T14:18:24.819994" elapsed="281.425772"/>
</kw>
<kw name="Maximize Browser Window" owner="SeleniumLibrary">
<doc>Maximizes current browser window.</doc>
<status status="PASS" start="2025-03-03T14:23:06.246764" elapsed="0.045994"/>
</kw>
<kw name="Sleep" owner="BuiltIn">
<msg time="2025-03-03T14:23:09.294629" level="INFO">Slept 3 seconds.</msg>
<arg>3s</arg>
<doc>Pauses the test executed for the given time.</doc>
<status status="PASS" start="2025-03-03T14:23:06.293755" elapsed="3.001120"/>
</kw>
<status status="PASS" start="2025-03-03T14:18:24.817999" elapsed="284.476876"/>
</kw>
<kw name="Login" owner="LoginPageKw">
<kw name="Input User" owner="LoginPageKw">
<kw name="Input Text" owner="SeleniumLibrary">
<msg time="2025-03-03T14:23:09.297871" level="INFO">Typing text 'Admin' into text field 'name=username'.</msg>
<arg>${USERNAME_FIELD}</arg>
<arg>${username}</arg>
<doc>Types the given ``text`` into the text field identified by ``locator``.</doc>
<status status="PASS" start="2025-03-03T14:23:09.296873" elapsed="0.160556"/>
</kw>
<arg>${user}</arg>
<status status="PASS" start="2025-03-03T14:23:09.295878" elapsed="0.161551"/>
</kw>
<kw name="Input Pass" owner="LoginPageKw">
<kw name="Input Text" owner="SeleniumLibrary">
<msg time="2025-03-03T14:23:09.459424" level="INFO">Typing text 'admin123' into text field 'name=password'.</msg>
<arg>${PASSWORD_FIELD}</arg>
<arg>${password}</arg>
<doc>Types the given ``text`` into the text field identified by ``locator``.</doc>
<status status="PASS" start="2025-03-03T14:23:09.459190" elapsed="0.163689"/>
</kw>
<arg>${pass}</arg>
<status status="PASS" start="2025-03-03T14:23:09.458426" elapsed="0.164453"/>
</kw>
<kw name="Click Login Button" owner="LoginPageKw">
<kw name="Click Button" owner="SeleniumLibrary">
<msg time="2025-03-03T14:23:09.624873" level="INFO">Clicking button 'xpath=//button[@type='submit']'.</msg>
<arg>${LOGIN_BUTTON}</arg>
<doc>Clicks the button identified by ``locator``.</doc>
<status status="PASS" start="2025-03-03T14:23:09.623876" elapsed="0.133520"/>
</kw>
<status status="PASS" start="2025-03-03T14:23:09.622879" elapsed="0.135503"/>
</kw>
<kw name="Page Should Contain text" owner="LoginPageKw">
<kw name="Sleep" owner="BuiltIn">
<msg time="2025-03-03T14:23:11.759883" level="INFO">Slept 2 seconds.</msg>
<arg>2s</arg>
<doc>Pauses the test executed for the given time.</doc>
<status status="PASS" start="2025-03-03T14:23:09.759379" elapsed="2.000504"/>
</kw>
<kw name="Page Should Contain" owner="SeleniumLibrary">
<msg time="2025-03-03T14:23:15.055781" level="INFO" html="true">&lt;/td&gt;&lt;/tr&gt;&lt;tr&gt;&lt;td colspan="3"&gt;&lt;a href="6-selenium-screenshot-1.png"&gt;&lt;img src="6-selenium-screenshot-1.png" width="800px"&gt;&lt;/a&gt;</msg>
<msg time="2025-03-03T14:23:15.055781" level="FAIL">Page should have contained text 'Dashboard' but did not.</msg>
<arg>${message}</arg>
<doc>Verifies that current page contains ``text``.</doc>
<status status="FAIL" start="2025-03-03T14:23:11.759883" elapsed="3.297893">Page should have contained text 'Dashboard' but did not.</status>
</kw>
<arg>${message}</arg>
<status status="FAIL" start="2025-03-03T14:23:09.758382" elapsed="5.300420">Page should have contained text 'Dashboard' but did not.</status>
</kw>
<arg>Admin</arg>
<arg>admin123</arg>
<arg>Dashboard</arg>
<status status="FAIL" start="2025-03-03T14:23:09.294875" elapsed="5.763927">Page should have contained text 'Dashboard' but did not.</status>
</kw>
<kw name="Close Browser" owner="SeleniumLibrary" type="TEARDOWN">
<doc>Closes the current browser.</doc>
<status status="PASS" start="2025-03-03T14:23:15.059897" elapsed="5.900547"/>
</kw>
<status status="FAIL" start="2025-03-03T14:18:24.816005" elapsed="296.144439">Page should have contained text 'Dashboard' but did not.</status>
</test>
<test id="s1-s7-t2" name="Invalid Login Test" line="14">
<kw name="Open Login Page" owner="LoginPageKw" type="SETUP">
<kw name="Open Browser" owner="SeleniumLibrary">
<msg time="2025-03-03T14:23:21.280172" level="INFO">Opening browser 'chrome' to base url 'https://opensource-demo.orangehrmlive.com/web/index.php/auth/login'.</msg>
<arg>${URL}</arg>
<arg>chrome</arg>
<doc>Opens a new browser instance to the optional ``url``.</doc>
<status status="PASS" start="2025-03-03T14:23:21.279176" elapsed="9.876428"/>
</kw>
<kw name="Maximize Browser Window" owner="SeleniumLibrary">
<doc>Maximizes current browser window.</doc>
<status status="PASS" start="2025-03-03T14:23:31.155604" elapsed="0.048698"/>
</kw>
<kw name="Sleep" owner="BuiltIn">
<msg time="2025-03-03T14:23:34.205625" level="INFO">Slept 3 seconds.</msg>
<arg>3s</arg>
<doc>Pauses the test executed for the given time.</doc>
<status status="PASS" start="2025-03-03T14:23:31.204302" elapsed="3.001323"/>
</kw>
<status status="PASS" start="2025-03-03T14:23:21.279176" elapsed="12.926449"/>
</kw>
<kw name="Login" owner="LoginPageKw">
<kw name="Input User" owner="LoginPageKw">
<kw name="Input Text" owner="SeleniumLibrary">
<msg time="2025-03-03T14:23:34.215649" level="INFO">Typing text 'Admin' into text field 'name=username'.</msg>
<arg>${USERNAME_FIELD}</arg>
<arg>${username}</arg>
<doc>Types the given ``text`` into the text field identified by ``locator``.</doc>
<status status="PASS" start="2025-03-03T14:23:34.212653" elapsed="0.197944"/>
</kw>
<arg>${user}</arg>
<status status="PASS" start="2025-03-03T14:23:34.209701" elapsed="0.201892"/>
</kw>
<kw name="Input Pass" owner="LoginPageKw">
<kw name="Input Text" owner="SeleniumLibrary">
<msg time="2025-03-03T14:23:34.413920" level="INFO">Typing text 'Admin' into text field 'name=password'.</msg>
<arg>${PASSWORD_FIELD}</arg>
<arg>${password}</arg>
<doc>Types the given ``text`` into the text field identified by ``locator``.</doc>
<status status="PASS" start="2025-03-03T14:23:34.412591" elapsed="0.124368"/>
</kw>
<arg>${pass}</arg>
<status status="PASS" start="2025-03-03T14:23:34.411593" elapsed="0.126362"/>
</kw>
<kw name="Click Login Button" owner="LoginPageKw">
<kw name="Click Button" owner="SeleniumLibrary">
<msg time="2025-03-03T14:23:34.538952" level="INFO">Clicking button 'xpath=//button[@type='submit']'.</msg>
<arg>${LOGIN_BUTTON}</arg>
<doc>Clicks the button identified by ``locator``.</doc>
<status status="PASS" start="2025-03-03T14:23:34.537955" elapsed="0.131176"/>
</kw>
<status status="PASS" start="2025-03-03T14:23:34.537955" elapsed="0.131176"/>
</kw>
<kw name="Page Should Contain text" owner="LoginPageKw">
<kw name="Sleep" owner="BuiltIn">
<msg time="2025-03-03T14:23:36.671363" level="INFO">Slept 2 seconds.</msg>
<arg>2s</arg>
<doc>Pauses the test executed for the given time.</doc>
<status status="PASS" start="2025-03-03T14:23:34.670159" elapsed="2.001204"/>
</kw>
<kw name="Page Should Contain" owner="SeleniumLibrary">
<msg time="2025-03-03T14:23:36.698809" level="INFO">Current page contains text 'Invalid credentials'.</msg>
<arg>${message}</arg>
<doc>Verifies that current page contains ``text``.</doc>
<status status="PASS" start="2025-03-03T14:23:36.671363" elapsed="0.028442"/>
</kw>
<arg>${message}</arg>
<status status="PASS" start="2025-03-03T14:23:34.669131" elapsed="2.030674"/>
</kw>
<arg>Admin</arg>
<arg>Admin</arg>
<arg>Invalid credentials</arg>
<status status="PASS" start="2025-03-03T14:23:34.206763" elapsed="2.493042"/>
</kw>
<kw name="Close Browser" owner="SeleniumLibrary" type="TEARDOWN">
<doc>Closes the current browser.</doc>
<status status="PASS" start="2025-03-03T14:23:36.700802" elapsed="42.733183"/>
</kw>
<status status="PASS" start="2025-03-03T14:23:21.276529" elapsed="58.158154"/>
</test>
<status status="FAIL" start="2025-03-03T14:18:22.830386" elapsed="356.606323"/>
</suite>
<suite id="s1-s8" name="Templates" source="C:\Users\DELL\PycharmProjects\Robot Training\tests\Templates.robot">
<test id="s1-s8-t1" name="Valid Login" line="25">
<kw name="LoginTestCase">
<kw name="Open Browser" owner="SeleniumLibrary">
<msg time="2025-03-03T14:18:25.675757" level="INFO">Opening browser 'chrome' to base url 'https://opensource-demo.orangehrmlive.com/web/index.php/auth/login'.</msg>
<arg>${URL}</arg>
<arg>chrome</arg>
<doc>Opens a new browser instance to the optional ``url``.</doc>
<status status="PASS" start="2025-03-03T14:18:25.674760" elapsed="205.300193"/>
</kw>
<kw name="Maximize Browser Window" owner="SeleniumLibrary">
<doc>Maximizes current browser window.</doc>
<status status="PASS" start="2025-03-03T14:21:50.975950" elapsed="0.035382"/>
</kw>
<kw name="Sleep" owner="BuiltIn">
<msg time="2025-03-03T14:21:56.013836" level="INFO">Slept 5 seconds.</msg>
<arg>5s</arg>
<doc>Pauses the test executed for the given time.</doc>
<status status="PASS" start="2025-03-03T14:21:51.012424" elapsed="5.001412"/>
</kw>
<kw name="Input Text" owner="SeleniumLibrary">
<msg time="2025-03-03T14:21:56.015826" level="INFO">Typing text 'Admin' into text field 'name=username'.</msg>
<msg time="2025-03-03T14:21:56.021810" level="WARN">Keyword 'Capture Page Screenshot' could not be run on failure: Message: no such window: target window already closed
from unknown error: web view not found
  (Session info: chrome=133.0.6943.142)
Stacktrace:
	GetHandleVerifier [0x00007FF737C0C6A5+28789]
	(No symbol) [0x00007FF737B75B20]
	(No symbol) [0x00007FF737A08F9A]
	(No symbol) [0x00007FF7379E1563]
	(No symbol) [0x00007FF737A8EF1E]
	(No symbol) [0x00007FF737AAF0D2]
	(No symbol) [0x00007FF737A87103]
	(No symbol) [0x00007FF737A4FFC0]
	(No symbol) [0x00007FF737A51273]
	GetHandleVerifier [0x00007FF737F51AED+3458237]
	GetHandleVerifier [0x00007FF737F6829C+3550316]
	GetHandleVerifier [0x00007FF737F5DB9D+3507565]
	GetHandleVerifier [0x00007FF737CD2C6A+841274]
	(No symbol) [0x00007FF737B809EF]
	(No symbol) [0x00007FF737B7CB34]
	(No symbol) [0x00007FF737B7CCD6]
	(No symbol) [0x00007FF737B6C119]
	BaseThreadInitThunk [0x00007FF823857374+20]
	RtlUserThreadStart [0x00007FF824DBCC91+33]
</msg>
<msg time="2025-03-03T14:21:56.021810" level="FAIL">NoSuchWindowException: Message: no such window: target window already closed
from unknown error: web view not found
  (Session info: chrome=133.0.6943.142)
Stacktrace:
	GetHandleVerifier [0x00007FF737C0C6A5+28789]
	(No symbol) [0x00007FF737B75B20]
	(No symbol) [0x00007FF737A08F9A]
	(No symbol) [0x00007FF7379E1563]
	(No symbol) [0x00007FF737A8EF1E]
	(No symbol) [0x00007FF737AAF0D2]
	(No symbol) [0x00007FF737A87103]
	(No symbol) [0x00007FF737A4FFC0]
	(No symbol) [0x00007FF737A51273]
	GetHandleVerifier [0x00007FF737F51AED+3458237]
	GetHandleVerifier [0x00007FF737F6829C+3550316]
	GetHandleVerifier [0x00007FF737F5DB9D+3507565]
	GetHandleVerifier [0x00007FF737CD2C6A+841274]
	(No symbol) [0x00007FF737B809EF]
	(No symbol) [0x00007FF737B7CB34]
	(No symbol) [0x00007FF737B7CCD6]
	(No symbol) [0x00007FF737B6C119]
	BaseThreadInitThunk [0x00007FF823857374+20]
	RtlUserThreadStart [0x00007FF824DBCC91+33]
</msg>
<arg>name=username</arg>
<arg>${username}</arg>
<doc>Types the given ``text`` into the text field identified by ``locator``.</doc>
<status status="FAIL" start="2025-03-03T14:21:56.014832" elapsed="0.054783">NoSuchWindowException: Message: no such window: target window already closed
from unknown error: web view not found
  (Session info: chrome=133.0.6943.142)
Stacktrace:
	GetHandleVerifier [0x00007FF737C0C6A5+28789]
	(No symbol) [0x00007FF737B75B20]
	(No symbol) [0x00007FF737A08F9A]
	(No symbol) [0x00007FF7379E1563]
	(No symbol) [0x00007FF737A8EF1E]
	(No symbol) [0x00007FF737AAF0D2]
	(No symbol) [0x00007FF737A87103]
	(No symbol) [0x00007FF737A4FFC0]
	(No symbol) [0x00007FF737A51273]
	GetHandleVerifier [0x00007FF737F51AED+3458237]
	GetHandleVerifier [0x00007FF737F6829C+3550316]
	GetHandleVerifier [0x00007FF737F5DB9D+3507565]
	GetHandleVerifier [0x00007FF737CD2C6A+841274]
	(No symbol) [0x00007FF737B809EF]
	(No symbol) [0x00007FF737B7CB34]
	(No symbol) [0x00007FF737B7CCD6]
	(No symbol) [0x00007FF737B6C119]
	BaseThreadInitThunk [0x00007FF823857374+20]
	RtlUserThreadStart [0x00007FF824DBCC91+33]
</status>
</kw>
<kw name="Input Text" owner="SeleniumLibrary">
<arg>name=password</arg>
<arg>${password}</arg>
<doc>Types the given ``text`` into the text field identified by ``locator``.</doc>
<status status="NOT RUN" start="2025-03-03T14:21:56.069615" elapsed="0.000620"/>
</kw>
<kw name="Click Button" owner="SeleniumLibrary">
<arg>xpath=//button[@type='submit']</arg>
<doc>Clicks the button identified by ``locator``.</doc>
<status status="NOT RUN" start="2025-03-03T14:21:56.070235" elapsed="0.000000"/>
</kw>
<kw name="Sleep" owner="BuiltIn">
<arg>5s</arg>
<doc>Pauses the test executed for the given time.</doc>
<status status="NOT RUN" start="2025-03-03T14:21:56.070235" elapsed="0.000998"/>
</kw>
<kw name="Page Should Contain" owner="SeleniumLibrary">
<arg>${expected_message}</arg>
<doc>Verifies that current page contains ``text``.</doc>
<status status="NOT RUN" start="2025-03-03T14:21:56.071233" elapsed="0.000000"/>
</kw>
<kw name="Close Browser" owner="SeleniumLibrary">
<doc>Closes the current browser.</doc>
<status status="NOT RUN" start="2025-03-03T14:21:56.071233" elapsed="0.000000"/>
</kw>
<arg>Admin</arg>
<arg>admin123</arg>
<arg>Dashboard</arg>
<status status="FAIL" start="2025-03-03T14:18:25.672763" elapsed="210.399553">NoSuchWindowException: Message: no such window: target window already closed
from unknown error: web view not found
  (Session info: chrome=133.0.6943.142)
Stacktrace:
	GetHandleVerifier [0x00007FF737C0C6A5+28789]
	(No symbol) [0x00007FF737B75B20]
	(No symbol) [0x00007FF737A08F9A]
	(No symbol) [0x00007FF7379E1563]
	(No symbol) [0x00007FF737A8EF1E]
	(No symbol) [0x00007FF737AAF0D2]
	(No symbol) [0x00007FF737A87103]
	(No symbol) [0x00007FF737A4FFC0]
	(No symbol) [0x00007FF737A51273]
	GetHandleVerifier [0x00007FF737F51AED+3458237]
	GetHandleVerifier [0x00007FF737F6829C+3550316]
	GetHandleVerifier [0x00007FF737F5DB9D+3507565]
	GetHandleVerifier [0x00007FF737CD2C6A+841274]
	(No symbol) [0x00007FF737B809EF]
	(No symbol) [0x00007FF737B7CB34]
	(No symbol) [0x00007FF737B7CCD6]
	(No symbol) [0x00007FF737B6C119]
	BaseThreadInitThunk [0x00007FF823857374+20]
	RtlUserThreadStart [0x00007FF824DBCC91+33]
</status>
</kw>
<status status="FAIL" start="2025-03-03T14:18:25.671768" elapsed="210.400548">NoSuchWindowException: Message: no such window: target window already closed
from unknown error: web view not found
  (Session info: chrome=133.0.6943.142)
Stacktrace:
	GetHandleVerifier [0x00007FF737C0C6A5+28789]
	(No symbol) [0x00007FF737B75B20]
	(No symbol) [0x00007FF737A08F9A]
	(No symbol) [0x00007FF7379E1563]
	(No symbol) [0x00007FF737A8EF1E]
	(No symbol) [0x00007FF737AAF0D2]
	(No symbol) [0x00007FF737A87103]
	(No symbol) [0x00007FF737A4FFC0]
	(No symbol) [0x00007FF737A51273]
	GetHandleVerifier [0x00007FF737F51AED+3458237]
	GetHandleVerifier [0x00007FF737F6829C+3550316]
	GetHandleVerifier [0x00007FF737F5DB9D+3507565]
	GetHandleVerifier [0x00007FF737CD2C6A+841274]
	(No symbol) [0x00007FF737B809EF]
	(No symbol) [0x00007FF737B7CB34]
	(No symbol) [0x00007FF737B7CCD6]
	(No symbol) [0x00007FF737B6C119]
	BaseThreadInitThunk [0x00007FF823857374+20]
	RtlUserThreadStart [0x00007FF824DBCC91+33]
</status>
</test>
<test id="s1-s8-t2" name="Invalid Login" line="28">
<kw name="LoginTestCase">
<kw name="Open Browser" owner="SeleniumLibrary">
<msg time="2025-03-03T14:21:56.075223" level="INFO">Opening browser 'chrome' to base url 'https://opensource-demo.orangehrmlive.com/web/index.php/auth/login'.</msg>
<arg>${URL}</arg>
<arg>chrome</arg>
<doc>Opens a new browser instance to the optional ``url``.</doc>
<status status="PASS" start="2025-03-03T14:21:56.075223" elapsed="10.210482"/>
</kw>
<kw name="Maximize Browser Window" owner="SeleniumLibrary">
<msg time="2025-03-03T14:22:06.293685" level="WARN">Keyword 'Capture Page Screenshot' could not be run on failure: Message: no such window: target window already closed
from unknown error: web view not found
  (Session info: chrome=133.0.6943.142)
Stacktrace:
	GetHandleVerifier [0x00007FF737C0C6A5+28789]
	(No symbol) [0x00007FF737B75B20]
	(No symbol) [0x00007FF737A08F9A]
	(No symbol) [0x00007FF7379E1563]
	(No symbol) [0x00007FF737A8EF1E]
	(No symbol) [0x00007FF737AAF0D2]
	(No symbol) [0x00007FF737A87103]
	(No symbol) [0x00007FF737A4FFC0]
	(No symbol) [0x00007FF737A51273]
	GetHandleVerifier [0x00007FF737F51AED+3458237]
	GetHandleVerifier [0x00007FF737F6829C+3550316]
	GetHandleVerifier [0x00007FF737F5DB9D+3507565]
	GetHandleVerifier [0x00007FF737CD2C6A+841274]
	(No symbol) [0x00007FF737B809EF]
	(No symbol) [0x00007FF737B7CB34]
	(No symbol) [0x00007FF737B7CCD6]
	(No symbol) [0x00007FF737B6C119]
	BaseThreadInitThunk [0x00007FF823857374+20]
	RtlUserThreadStart [0x00007FF824DBCC91+33]
</msg>
<msg time="2025-03-03T14:22:06.294682" level="FAIL">NoSuchWindowException: Message: no such window: target window already closed
from unknown error: web view not found
  (Session info: chrome=133.0.6943.142)
Stacktrace:
	GetHandleVerifier [0x00007FF737C0C6A5+28789]
	(No symbol) [0x00007FF737B75B20]
	(No symbol) [0x00007FF737A08F9A]
	(No symbol) [0x00007FF7379E1563]
	(No symbol) [0x00007FF737A8EF1E]
	(No symbol) [0x00007FF737AAF0D2]
	(No symbol) [0x00007FF737A87103]
	(No symbol) [0x00007FF737A4FFC0]
	(No symbol) [0x00007FF737A51273]
	GetHandleVerifier [0x00007FF737F51AED+3458237]
	GetHandleVerifier [0x00007FF737F6829C+3550316]
	GetHandleVerifier [0x00007FF737F5DB9D+3507565]
	GetHandleVerifier [0x00007FF737CD2C6A+841274]
	(No symbol) [0x00007FF737B809EF]
	(No symbol) [0x00007FF737B7CB34]
	(No symbol) [0x00007FF737B7CCD6]
	(No symbol) [0x00007FF737B6C119]
	BaseThreadInitThunk [0x00007FF823857374+20]
	RtlUserThreadStart [0x00007FF824DBCC91+33]
</msg>
<doc>Maximizes current browser window.</doc>
<status status="FAIL" start="2025-03-03T14:22:06.286062" elapsed="0.043050">NoSuchWindowException: Message: no such window: target window already closed
from unknown error: web view not found
  (Session info: chrome=133.0.6943.142)
Stacktrace:
	GetHandleVerifier [0x00007FF737C0C6A5+28789]
	(No symbol) [0x00007FF737B75B20]
	(No symbol) [0x00007FF737A08F9A]
	(No symbol) [0x00007FF7379E1563]
	(No symbol) [0x00007FF737A8EF1E]
	(No symbol) [0x00007FF737AAF0D2]
	(No symbol) [0x00007FF737A87103]
	(No symbol) [0x00007FF737A4FFC0]
	(No symbol) [0x00007FF737A51273]
	GetHandleVerifier [0x00007FF737F51AED+3458237]
	GetHandleVerifier [0x00007FF737F6829C+3550316]
	GetHandleVerifier [0x00007FF737F5DB9D+3507565]
	GetHandleVerifier [0x00007FF737CD2C6A+841274]
	(No symbol) [0x00007FF737B809EF]
	(No symbol) [0x00007FF737B7CB34]
	(No symbol) [0x00007FF737B7CCD6]
	(No symbol) [0x00007FF737B6C119]
	BaseThreadInitThunk [0x00007FF823857374+20]
	RtlUserThreadStart [0x00007FF824DBCC91+33]
</status>
</kw>
<kw name="Sleep" owner="BuiltIn">
<arg>5s</arg>
<doc>Pauses the test executed for the given time.</doc>
<status status="NOT RUN" start="2025-03-03T14:22:06.329112" elapsed="0.001004"/>
</kw>
<kw name="Input Text" owner="SeleniumLibrary">
<arg>name=username</arg>
<arg>${username}</arg>
<doc>Types the given ``text`` into the text field identified by ``locator``.</doc>
<status status="NOT RUN" start="2025-03-03T14:22:06.330116" elapsed="0.000000"/>
</kw>
<kw name="Input Text" owner="SeleniumLibrary">
<arg>name=password</arg>
<arg>${password}</arg>
<doc>Types the given ``text`` into the text field identified by ``locator``.</doc>
<status status="NOT RUN" start="2025-03-03T14:22:06.331114" elapsed="0.000000"/>
</kw>
<kw name="Click Button" owner="SeleniumLibrary">
<arg>xpath=//button[@type='submit']</arg>
<doc>Clicks the button identified by ``locator``.</doc>
<status status="NOT RUN" start="2025-03-03T14:22:06.331114" elapsed="0.000996"/>
</kw>
<kw name="Sleep" owner="BuiltIn">
<arg>5s</arg>
<doc>Pauses the test executed for the given time.</doc>
<status status="NOT RUN" start="2025-03-03T14:22:06.332243" elapsed="0.000000"/>
</kw>
<kw name="Page Should Contain" owner="SeleniumLibrary">
<arg>${expected_message}</arg>
<doc>Verifies that current page contains ``text``.</doc>
<status status="NOT RUN" start="2025-03-03T14:22:06.332243" elapsed="0.000865"/>
</kw>
<kw name="Close Browser" owner="SeleniumLibrary">
<doc>Closes the current browser.</doc>
<status status="NOT RUN" start="2025-03-03T14:22:06.333108" elapsed="0.000000"/>
</kw>
<arg>admin</arg>
<arg>wrongpassword</arg>
<arg>Invalid credentials</arg>
<status status="FAIL" start="2025-03-03T14:21:56.074225" elapsed="10.259879">NoSuchWindowException: Message: no such window: target window already closed
from unknown error: web view not found
  (Session info: chrome=133.0.6943.142)
Stacktrace:
	GetHandleVerifier [0x00007FF737C0C6A5+28789]
	(No symbol) [0x00007FF737B75B20]
	(No symbol) [0x00007FF737A08F9A]
	(No symbol) [0x00007FF7379E1563]
	(No symbol) [0x00007FF737A8EF1E]
	(No symbol) [0x00007FF737AAF0D2]
	(No symbol) [0x00007FF737A87103]
	(No symbol) [0x00007FF737A4FFC0]
	(No symbol) [0x00007FF737A51273]
	GetHandleVerifier [0x00007FF737F51AED+3458237]
	GetHandleVerifier [0x00007FF737F6829C+3550316]
	GetHandleVerifier [0x00007FF737F5DB9D+3507565]
	GetHandleVerifier [0x00007FF737CD2C6A+841274]
	(No symbol) [0x00007FF737B809EF]
	(No symbol) [0x00007FF737B7CB34]
	(No symbol) [0x00007FF737B7CCD6]
	(No symbol) [0x00007FF737B6C119]
	BaseThreadInitThunk [0x00007FF823857374+20]
	RtlUserThreadStart [0x00007FF824DBCC91+33]
</status>
</kw>
<kw name="LoginTestCase">
<kw name="Open Browser" owner="SeleniumLibrary">
<msg time="2025-03-03T14:22:06.336099" level="INFO">Opening browser 'chrome' to base url 'https://opensource-demo.orangehrmlive.com/web/index.php/auth/login'.</msg>
<arg>${URL}</arg>
<arg>chrome</arg>
<doc>Opens a new browser instance to the optional ``url``.</doc>
<status status="PASS" start="2025-03-03T14:22:06.335313" elapsed="16.043971"/>
</kw>
<kw name="Maximize Browser Window" owner="SeleniumLibrary">
<doc>Maximizes current browser window.</doc>
<status status="PASS" start="2025-03-03T14:22:22.379284" elapsed="0.044604"/>
</kw>
<kw name="Sleep" owner="BuiltIn">
<msg time="2025-03-03T14:22:27.424764" level="INFO">Slept 5 seconds.</msg>
<arg>5s</arg>
<doc>Pauses the test executed for the given time.</doc>
<status status="PASS" start="2025-03-03T14:22:22.424280" elapsed="5.000484"/>
</kw>
<kw name="Input Text" owner="SeleniumLibrary">
<msg time="2025-03-03T14:22:27.426250" level="INFO">Typing text 'user' into text field 'name=username'.</msg>
<msg time="2025-03-03T14:22:27.431910" level="WARN">Keyword 'Capture Page Screenshot' could not be run on failure: Message: no such window: target window already closed
from unknown error: web view not found
  (Session info: chrome=133.0.6943.142)
Stacktrace:
	GetHandleVerifier [0x00007FF737C0C6A5+28789]
	(No symbol) [0x00007FF737B75B20]
	(No symbol) [0x00007FF737A08F9A]
	(No symbol) [0x00007FF7379E1563]
	(No symbol) [0x00007FF737A8EF1E]
	(No symbol) [0x00007FF737AAF0D2]
	(No symbol) [0x00007FF737A87103]
	(No symbol) [0x00007FF737A4FFC0]
	(No symbol) [0x00007FF737A51273]
	GetHandleVerifier [0x00007FF737F51AED+3458237]
	GetHandleVerifier [0x00007FF737F6829C+3550316]
	GetHandleVerifier [0x00007FF737F5DB9D+3507565]
	GetHandleVerifier [0x00007FF737CD2C6A+841274]
	(No symbol) [0x00007FF737B809EF]
	(No symbol) [0x00007FF737B7CB34]
	(No symbol) [0x00007FF737B7CCD6]
	(No symbol) [0x00007FF737B6C119]
	BaseThreadInitThunk [0x00007FF823857374+20]
	RtlUserThreadStart [0x00007FF824DBCC91+33]
</msg>
<msg time="2025-03-03T14:22:27.431910" level="FAIL">NoSuchWindowException: Message: no such window: target window already closed
from unknown error: web view not found
  (Session info: chrome=133.0.6943.142)
Stacktrace:
	GetHandleVerifier [0x00007FF737C0C6A5+28789]
	(No symbol) [0x00007FF737B75B20]
	(No symbol) [0x00007FF737A08F9A]
	(No symbol) [0x00007FF7379E1563]
	(No symbol) [0x00007FF737A8EF1E]
	(No symbol) [0x00007FF737AAF0D2]
	(No symbol) [0x00007FF737A87103]
	(No symbol) [0x00007FF737A4FFC0]
	(No symbol) [0x00007FF737A51273]
	GetHandleVerifier [0x00007FF737F51AED+3458237]
	GetHandleVerifier [0x00007FF737F6829C+3550316]
	GetHandleVerifier [0x00007FF737F5DB9D+3507565]
	GetHandleVerifier [0x00007FF737CD2C6A+841274]
	(No symbol) [0x00007FF737B809EF]
	(No symbol) [0x00007FF737B7CB34]
	(No symbol) [0x00007FF737B7CCD6]
	(No symbol) [0x00007FF737B6C119]
	BaseThreadInitThunk [0x00007FF823857374+20]
	RtlUserThreadStart [0x00007FF824DBCC91+33]
</msg>
<arg>name=username</arg>
<arg>${username}</arg>
<doc>Types the given ``text`` into the text field identified by ``locator``.</doc>
<status status="FAIL" start="2025-03-03T14:22:27.424764" elapsed="0.010976">NoSuchWindowException: Message: no such window: target window already closed
from unknown error: web view not found
  (Session info: chrome=133.0.6943.142)
Stacktrace:
	GetHandleVerifier [0x00007FF737C0C6A5+28789]
	(No symbol) [0x00007FF737B75B20]
	(No symbol) [0x00007FF737A08F9A]
	(No symbol) [0x00007FF7379E1563]
	(No symbol) [0x00007FF737A8EF1E]
	(No symbol) [0x00007FF737AAF0D2]
	(No symbol) [0x00007FF737A87103]
	(No symbol) [0x00007FF737A4FFC0]
	(No symbol) [0x00007FF737A51273]
	GetHandleVerifier [0x00007FF737F51AED+3458237]
	GetHandleVerifier [0x00007FF737F6829C+3550316]
	GetHandleVerifier [0x00007FF737F5DB9D+3507565]
	GetHandleVerifier [0x00007FF737CD2C6A+841274]
	(No symbol) [0x00007FF737B809EF]
	(No symbol) [0x00007FF737B7CB34]
	(No symbol) [0x00007FF737B7CCD6]
	(No symbol) [0x00007FF737B6C119]
	BaseThreadInitThunk [0x00007FF823857374+20]
	RtlUserThreadStart [0x00007FF824DBCC91+33]
</status>
</kw>
<kw name="Input Text" owner="SeleniumLibrary">
<arg>name=password</arg>
<arg>${password}</arg>
<doc>Types the given ``text`` into the text field identified by ``locator``.</doc>
<status status="NOT RUN" start="2025-03-03T14:22:27.436046" elapsed="0.000699"/>
</kw>
<kw name="Click Button" owner="SeleniumLibrary">
<arg>xpath=//button[@type='submit']</arg>
<doc>Clicks the button identified by ``locator``.</doc>
<status status="NOT RUN" start="2025-03-03T14:22:27.436745" elapsed="0.000989"/>
</kw>
<kw name="Sleep" owner="BuiltIn">
<arg>5s</arg>
<doc>Pauses the test executed for the given time.</doc>
<status status="NOT RUN" start="2025-03-03T14:22:27.437734" elapsed="0.000000"/>
</kw>
<kw name="Page Should Contain" owner="SeleniumLibrary">
<arg>${expected_message}</arg>
<doc>Verifies that current page contains ``text``.</doc>
<status status="NOT RUN" start="2025-03-03T14:22:27.438803" elapsed="0.000000"/>
</kw>
<kw name="Close Browser" owner="SeleniumLibrary">
<doc>Closes the current browser.</doc>
<status status="NOT RUN" start="2025-03-03T14:22:27.438803" elapsed="0.000926"/>
</kw>
<arg>user</arg>
<arg>admin123</arg>
<arg>Invalid credentials</arg>
<status status="FAIL" start="2025-03-03T14:22:06.334104" elapsed="21.105625">NoSuchWindowException: Message: no such window: target window already closed
from unknown error: web view not found
  (Session info: chrome=133.0.6943.142)
Stacktrace:
	GetHandleVerifier [0x00007FF737C0C6A5+28789]
	(No symbol) [0x00007FF737B75B20]
	(No symbol) [0x00007FF737A08F9A]
	(No symbol) [0x00007FF7379E1563]
	(No symbol) [0x00007FF737A8EF1E]
	(No symbol) [0x00007FF737AAF0D2]
	(No symbol) [0x00007FF737A87103]
	(No symbol) [0x00007FF737A4FFC0]
	(No symbol) [0x00007FF737A51273]
	GetHandleVerifier [0x00007FF737F51AED+3458237]
	GetHandleVerifier [0x00007FF737F6829C+3550316]
	GetHandleVerifier [0x00007FF737F5DB9D+3507565]
	GetHandleVerifier [0x00007FF737CD2C6A+841274]
	(No symbol) [0x00007FF737B809EF]
	(No symbol) [0x00007FF737B7CB34]
	(No symbol) [0x00007FF737B7CCD6]
	(No symbol) [0x00007FF737B6C119]
	BaseThreadInitThunk [0x00007FF823857374+20]
	RtlUserThreadStart [0x00007FF824DBCC91+33]
</status>
</kw>
<status status="FAIL" start="2025-03-03T14:21:56.073263" elapsed="31.367464">Several failures occurred:

1) NoSuchWindowException: Message: no such window: target window already closed
from unknown error: web view not found
  (Session info: chrome=133.0.6943.142)
Stacktrace:
	GetHandleVerifier [0x00007FF737C0C6A5+28789]
	(No symbol) [0x00007FF737B75B20]
	(No symbol) [0x00007FF737A08F9A]
	(No symbol) [0x00007FF7379E1563]
	(No symbol) [0x00007FF737A8EF1E]
	(No symbol) [0x00007FF737AAF0D2]
	(No symbol) [0x00007FF737A87103]
	(No symbol) [0x00007FF737A4FFC0]
	(No symbol) [0x00007FF737A51273]
	GetHandleVerifier [0x00007FF737F51AED+3458237]
	GetHandleVerifier [0x00007FF737F6829C+3550316]
	GetHandleVerifier [0x00007FF737F5DB9D+3507565]
	GetHandleVerifier [0x00007FF737CD2C6A+841274]
    [ Message content over the limit has been removed. ]
Stacktrace:
	GetHandleVerifier [0x00007FF737C0C6A5+28789]
	(No symbol) [0x00007FF737B75B20]
	(No symbol) [0x00007FF737A08F9A]
	(No symbol) [0x00007FF7379E1563]
	(No symbol) [0x00007FF737A8EF1E]
	(No symbol) [0x00007FF737AAF0D2]
	(No symbol) [0x00007FF737A87103]
	(No symbol) [0x00007FF737A4FFC0]
	(No symbol) [0x00007FF737A51273]
	GetHandleVerifier [0x00007FF737F51AED+3458237]
	GetHandleVerifier [0x00007FF737F6829C+3550316]
	GetHandleVerifier [0x00007FF737F5DB9D+3507565]
	GetHandleVerifier [0x00007FF737CD2C6A+841274]
	(No symbol) [0x00007FF737B809EF]
	(No symbol) [0x00007FF737B7CB34]
	(No symbol) [0x00007FF737B7CCD6]
	(No symbol) [0x00007FF737B6C119]
	BaseThreadInitThunk [0x00007FF823857374+20]
	RtlUserThreadStart [0x00007FF824DBCC91+33]</status>
</test>
<status status="FAIL" start="2025-03-03T14:18:23.585248" elapsed="243.856476"/>
</suite>
<suite id="s1-s9" name="Practice" source="C:\Users\DELL\PycharmProjects\Robot Training\tests\Practice.robot">
<test id="s1-s9-t1" name="Practicing" line="6">
<kw name="Log To Console" owner="BuiltIn">
<arg>Hello</arg>
<doc>Logs the given message to the console.</doc>
<status status="PASS" start="2025-03-03T14:18:27.873310" elapsed="0.000000"/>
</kw>
<kw name="Log To Console" owner="BuiltIn">
<arg>message</arg>
<doc>Logs the given message to the console.</doc>
<status status="PASS" start="2025-03-03T14:18:27.874308" elapsed="0.000000"/>
</kw>
<status status="PASS" start="2025-03-03T14:18:27.869322" elapsed="0.005983"/>
</test>
<status status="PASS" start="2025-03-03T14:18:23.654297" elapsed="4.239505"/>
</suite>
<suite id="s1-s10" name="Assertions" source="C:\Users\DELL\PycharmProjects\Robot Training\tests\Assertions.robot">
<test id="s1-s10-t1" name="Checking Assertions" line="5">
<kw name="Set Variable" owner="BuiltIn">
<msg time="2025-03-03T14:18:24.878026" level="INFO">${isValid} = True</msg>
<var>${isValid}</var>
<arg>${True}</arg>
<doc>Returns the given values which can then be assigned to a variables.</doc>
<status status="PASS" start="2025-03-03T14:18:24.877028" elapsed="0.000998"/>
</kw>
<kw name="Should Be True" owner="BuiltIn">
<arg>${isValid}</arg>
<doc>Fails if the given condition is not true.</doc>
<status status="PASS" start="2025-03-03T14:18:24.878026" elapsed="0.000997"/>
</kw>
<kw name="Log To Console" owner="BuiltIn">
<arg>${isValid}</arg>
<doc>Logs the given message to the console.</doc>
<status status="PASS" start="2025-03-03T14:18:24.879023" elapsed="0.000998"/>
</kw>
<kw name="Set Variable If" owner="BuiltIn">
<msg time="2025-03-03T14:18:24.882015" level="INFO">${isValid} = False</msg>
<var>${isValid}</var>
<arg>${isValid}</arg>
<arg>${False}</arg>
<doc>Sets variable based on the given condition.</doc>
<status status="PASS" start="2025-03-03T14:18:24.880021" elapsed="0.001994"/>
</kw>
<kw name="Should Not Be True" owner="BuiltIn">
<arg>${isValid}</arg>
<doc>Fails if the given condition is true.</doc>
<status status="PASS" start="2025-03-03T14:18:24.883012" elapsed="0.000000"/>
</kw>
<kw name="Log To Console" owner="BuiltIn">
<arg>${isValid}</arg>
<doc>Logs the given message to the console.</doc>
<status status="PASS" start="2025-03-03T14:18:24.884009" elapsed="0.000310"/>
</kw>
<status status="PASS" start="2025-03-03T14:18:24.874036" elapsed="0.010971"/>
</test>
<status status="PASS" start="2025-03-03T14:18:22.729655" elapsed="2.156571"/>
</suite>
<suite id="s1-s11" name="CustomLib" source="C:\Users\DELL\PycharmProjects\Robot Training\tests\CustomLib.robot">
<test id="s1-s11-t1" name="Adding two Nums" line="5">
<kw name="Add Two Nums" owner="CustomLibrary">
<msg time="2025-03-03T14:18:23.392188" level="INFO">${output} = 1020</msg>
<var>${output}</var>
<arg>10</arg>
<arg>20</arg>
<status status="PASS" start="2025-03-03T14:18:23.392188" elapsed="0.000000"/>
</kw>
<kw name="Log To Console" owner="BuiltIn">
<arg>${output}</arg>
<doc>Logs the given message to the console.</doc>
<status status="PASS" start="2025-03-03T14:18:23.393187" elapsed="0.000000"/>
</kw>
<kw name="Add Nums" owner="CustomLibrary">
<msg time="2025-03-03T14:18:23.394184" level="INFO">${output} = 60</msg>
<var>${output}</var>
<arg>10</arg>
<arg>20</arg>
<arg>30</arg>
<status status="PASS" start="2025-03-03T14:18:23.394184" elapsed="0.000000"/>
</kw>
<kw name="Log To Console" owner="BuiltIn">
<arg>${output}</arg>
<doc>Logs the given message to the console.</doc>
<status status="PASS" start="2025-03-03T14:18:23.395071" elapsed="0.000109"/>
</kw>
<status status="PASS" start="2025-03-03T14:18:23.390679" elapsed="0.004501"/>
</test>
<status status="PASS" start="2025-03-03T14:18:23.374191" elapsed="0.021988"/>
</suite>
<suite id="s1-s12" name="Add To cart" source="C:\Users\DELL\PycharmProjects\Robot Training\tests\Add To cart.robot">
<test id="s1-s12-t1" name="Adding Items to cart" line="8">
<kw name="Open Browser" owner="SeleniumLibrary">
<msg time="2025-03-03T14:18:27.077643" level="INFO">Opening browser 'chrome' to base url 'https://dineshvelhal.github.io/testautomation-playground/login.html'.</msg>
<msg time="2025-03-03T14:19:36.169002" level="WARN">There was an error managing chromedriver (error sending request for url (https://googlechromelabs.github.io/chrome-for-testing/known-good-versions-with-downloads.json)); using driver found in the cache</msg>
<arg>${url}</arg>
<arg>chrome</arg>
<doc>Opens a new browser instance to the optional ``url``.</doc>
<status status="PASS" start="2025-03-03T14:18:27.076645" elapsed="79.134103"/>
</kw>
<kw name="Input Text" owner="SeleniumLibrary">
<msg time="2025-03-03T14:19:46.212741" level="INFO">Typing text 'admin' into text field 'xpath=//input[@id='user']'.</msg>
<arg>xpath=//input[@id='user']</arg>
<arg>admin</arg>
<doc>Types the given ``text`` into the text field identified by ``locator``.</doc>
<status status="PASS" start="2025-03-03T14:19:46.211744" elapsed="0.250176"/>
</kw>
<kw name="Input Text" owner="SeleniumLibrary">
<msg time="2025-03-03T14:19:46.462772" level="INFO">Typing text 'admin' into text field 'xpath=//input[@id='password']'.</msg>
<arg>xpath=//input[@id='password']</arg>
<arg>admin</arg>
<doc>Types the given ``text`` into the text field identified by ``locator``.</doc>
<status status="PASS" start="2025-03-03T14:19:46.462772" elapsed="0.136904"/>
</kw>
<kw name="Click Button" owner="SeleniumLibrary">
<msg time="2025-03-03T14:19:46.600671" level="INFO">Clicking button 'xpath=//button[@id='login']'.</msg>
<arg>xpath=//button[@id='login']</arg>
<doc>Clicks the button identified by ``locator``.</doc>
<status status="PASS" start="2025-03-03T14:19:46.600671" elapsed="5.682102"/>
</kw>
<kw name="Click Element" owner="SeleniumLibrary">
<msg time="2025-03-03T14:19:52.283766" level="INFO">Clicking element 'xpath=//input[@id='rad_small']'.</msg>
<arg>xpath=//input[@id='rad_small']</arg>
<doc>Click the element identified by ``locator``.</doc>
<status status="PASS" start="2025-03-03T14:19:52.282773" elapsed="0.186646"/>
</kw>
<kw name="Select From List By Label" owner="SeleniumLibrary">
<msg time="2025-03-03T14:19:52.470416" level="INFO">Selecting options from selection list 'xpath=//select[@id='select_flavor']' by label Veggie Delight.</msg>
<arg>xpath=//select[@id='select_flavor']</arg>
<arg>Veggie Delight</arg>
<doc>Selects options from selection list ``locator`` by ``labels``.</doc>
<status status="PASS" start="2025-03-03T14:19:52.469419" elapsed="0.199828"/>
</kw>
<kw name="Click Element" owner="SeleniumLibrary">
<msg time="2025-03-03T14:19:52.670282" level="INFO">Clicking element 'id=rad_barbeque'.</msg>
<arg>id=rad_barbeque</arg>
<doc>Click the element identified by ``locator``.</doc>
<status status="PASS" start="2025-03-03T14:19:52.669247" elapsed="0.167408"/>
</kw>
<kw name="Click Element" owner="SeleniumLibrary">
<msg time="2025-03-03T14:19:52.839647" level="INFO">Clicking element 'id=green_olive'.</msg>
<arg>id=green_olive</arg>
<doc>Click the element identified by ``locator``.</doc>
<status status="PASS" start="2025-03-03T14:19:52.837818" elapsed="0.192254"/>
</kw>
<kw name="Click Element" owner="SeleniumLibrary">
<msg time="2025-03-03T14:19:53.031344" level="INFO">Clicking element 'id=tomoto'.</msg>
<arg>id=tomoto</arg>
<doc>Click the element identified by ``locator``.</doc>
<status status="PASS" start="2025-03-03T14:19:53.030072" elapsed="0.170802"/>
</kw>
<kw name="Input Text" owner="SeleniumLibrary">
<msg time="2025-03-03T14:19:53.201976" level="INFO">Typing text '5' into text field 'id=quantity'.</msg>
<arg>id=quantity</arg>
<arg>5</arg>
<doc>Types the given ``text`` into the text field identified by ``locator``.</doc>
<status status="PASS" start="2025-03-03T14:19:53.200874" elapsed="0.162330"/>
</kw>
<kw name="Click Button" owner="SeleniumLibrary">
<msg time="2025-03-03T14:19:53.364229" level="INFO">Clicking button 'id=submit_button'.</msg>
<arg>id=submit_button</arg>
<doc>Clicks the button identified by ``locator``.</doc>
<status status="PASS" start="2025-03-03T14:19:53.363637" elapsed="0.175626"/>
</kw>
<kw name="Wait Until Page Contains" owner="SeleniumLibrary">
<arg>Pizza added to the cart!</arg>
<arg>5s</arg>
<doc>Waits until ``text`` appears on the current page.</doc>
<status status="PASS" start="2025-03-03T14:19:53.539263" elapsed="0.021942"/>
</kw>
<kw name="Close Browser" owner="SeleniumLibrary">
<doc>Closes the current browser.</doc>
<status status="PASS" start="2025-03-03T14:19:53.561205" elapsed="2.173333"/>
</kw>
<doc>Addding items to cart...</doc>
<status status="PASS" start="2025-03-03T14:18:27.065804" elapsed="88.669665"/>
</test>
<status status="PASS" start="2025-03-03T14:18:23.586244" elapsed="92.152218"/>
</suite>
<suite id="s1-s13" name="Iframes" source="C:\Users\DELL\PycharmProjects\Robot Training\tests\Iframes.robot">
<test id="s1-s13-t1" name="Handling iframes" line="6">
<kw name="Open Browser" owner="SeleniumLibrary">
<msg time="2025-03-03T14:18:23.169749" level="INFO">Opening browser 'chrome' to base url 'https://www.w3schools.com/js/tryit.asp?filename=tryjs_myfirst'.</msg>
<arg>https://www.w3schools.com/js/tryit.asp?filename=tryjs_myfirst</arg>
<arg>chrome</arg>
<doc>Opens a new browser instance to the optional ``url``.</doc>
<status status="PASS" start="2025-03-03T14:18:23.168957" elapsed="309.667816"/>
</kw>
<kw name="Maximize Browser Window" owner="SeleniumLibrary">
<doc>Maximizes current browser window.</doc>
<status status="PASS" start="2025-03-03T14:23:32.837090" elapsed="0.101298"/>
</kw>
<kw name="Select Frame" owner="SeleniumLibrary">
<msg time="2025-03-03T14:23:32.941471" level="INFO">Selecting frame 'id=iframeResult'.</msg>
<arg>id=iframeResult</arg>
<doc>Sets frame identified by ``locator`` as the current frame.</doc>
<status status="PASS" start="2025-03-03T14:23:32.939374" elapsed="0.081419"/>
</kw>
<kw name="Current Frame Should Contain" owner="SeleniumLibrary">
<msg time="2025-03-03T14:23:33.043558" level="INFO">Current frame contains text 'My First JavaScript'.</msg>
<arg>My First JavaScript</arg>
<doc>Verifies that the current frame contains ``text``.</doc>
<status status="PASS" start="2025-03-03T14:23:33.020793" elapsed="0.022765"/>
</kw>
<kw name="Current Frame Should Not Contain" owner="SeleniumLibrary">
<msg time="2025-03-03T14:23:33.070062" level="INFO">Current frame did not contain text 'text'.</msg>
<arg>text</arg>
<doc>Verifies that the current frame does not contain ``text``.</doc>
<status status="PASS" start="2025-03-03T14:23:33.044556" elapsed="0.025506"/>
</kw>
<kw name="Click Button" owner="SeleniumLibrary">
<msg time="2025-03-03T14:23:33.071025" level="INFO">Clicking button 'css=button[type='button']'.</msg>
<arg>css=button[type='button']</arg>
<doc>Clicks the button identified by ``locator``.</doc>
<status status="PASS" start="2025-03-03T14:23:33.071025" elapsed="0.327515"/>
</kw>
<kw name="Sleep" owner="BuiltIn">
<msg time="2025-03-03T14:23:36.399701" level="INFO">Slept 3 seconds.</msg>
<arg>3s</arg>
<doc>Pauses the test executed for the given time.</doc>
<status status="PASS" start="2025-03-03T14:23:33.399557" elapsed="3.000144"/>
</kw>
<kw name="Unselect Frame" owner="SeleniumLibrary">
<doc>Sets the main frame as the current frame.</doc>
<status status="PASS" start="2025-03-03T14:23:36.399701" elapsed="0.079790"/>
</kw>
<kw name="Frame Should Contain" owner="SeleniumLibrary">
<msg time="2025-03-03T14:23:36.577869" level="INFO">Searching for text from frame 'id=iframeResult'.</msg>
<msg time="2025-03-03T14:23:36.613931" level="INFO">Frame 'id=iframeResult' contains text 'My First JavaScript'.</msg>
<arg>id=iframeResult</arg>
<arg>My First JavaScript</arg>
<doc>Verifies that frame identified by ``locator`` contains ``text``.</doc>
<status status="PASS" start="2025-03-03T14:23:36.480489" elapsed="0.133442"/>
</kw>
<status status="PASS" start="2025-03-03T14:18:23.162847" elapsed="313.452160"/>
</test>
<status status="PASS" start="2025-03-03T14:18:22.228264" elapsed="314.387706"/>
</suite>
<suite id="s1-s14" name="SetupOrTeardown" source="C:\Users\DELL\PycharmProjects\Robot Training\tests\SetupOrTeardown.robot">
<kw name="Log To Console" owner="BuiltIn" type="SETUP">
<arg>IM INSIDE SUITE SETUP</arg>
<doc>Logs the given message to the console.</doc>
<status status="PASS" start="2025-03-03T14:18:26.396538" elapsed="0.000000"/>
</kw>
<test id="s1-s14-t1" name="Checking Setup ad Teardown" line="12">
<kw name="Log To Console" owner="BuiltIn" type="SETUP">
<arg>IM INSIDE TEST SETUP</arg>
<doc>Logs the given message to the console.</doc>
<status status="PASS" start="2025-03-03T14:18:26.399528" elapsed="0.001197"/>
</kw>
<kw name="Log To Console" owner="BuiltIn">
<arg>Inside Test Case 1</arg>
<doc>Logs the given message to the console.</doc>
<status status="PASS" start="2025-03-03T14:18:26.400725" elapsed="0.000762"/>
</kw>
<kw name="Log To Console" owner="BuiltIn" type="TEARDOWN">
<arg>IM INSIDE TEST TEARDOWN</arg>
<doc>Logs the given message to the console.</doc>
<status status="PASS" start="2025-03-03T14:18:26.401487" elapsed="0.000997"/>
</kw>
<status status="PASS" start="2025-03-03T14:18:26.397720" elapsed="0.004764"/>
</test>
<test id="s1-s14-t2" name="Checking Setup ad Teardown 1" line="15">
<kw name="Log To Console" owner="BuiltIn" type="SETUP">
<arg>IM INSIDE TEST SETUP</arg>
<doc>Logs the given message to the console.</doc>
<status status="PASS" start="2025-03-03T14:18:26.404477" elapsed="0.000000"/>
</kw>
<kw name="Log To Console" owner="BuiltIn">
<arg>Inside Test Case 2</arg>
<doc>Logs the given message to the console.</doc>
<status status="PASS" start="2025-03-03T14:18:26.405476" elapsed="0.000601"/>
</kw>
<kw name="Log To Console" owner="BuiltIn" type="TEARDOWN">
<arg>IM INSIDE TEST TEARDOWN</arg>
<doc>Logs the given message to the console.</doc>
<status status="PASS" start="2025-03-03T14:18:26.406481" elapsed="0.000989"/>
</kw>
<status status="PASS" start="2025-03-03T14:18:26.403480" elapsed="0.003990"/>
</test>
<kw name="Log To Console" owner="BuiltIn" type="TEARDOWN">
<arg>IM INSIDE SUITE TEARDOWN</arg>
<doc>Logs the given message to the console.</doc>
<status status="PASS" start="2025-03-03T14:18:26.408466" elapsed="0.001070"/>
</kw>
<status status="PASS" start="2025-03-03T14:18:23.812471" elapsed="2.597065"/>
</suite>
<suite id="s1-s15" name="Tags" source="C:\Users\DELL\PycharmProjects\Robot Training\tests\Tags.robot">
<test id="s1-s15-t1" name="checking Tags keyword" line="7">
<kw name="Log To Console" owner="BuiltIn">
<arg>Inside Smoke ${TEST_TAGS}</arg>
<doc>Logs the given message to the console.</doc>
<status status="PASS" start="2025-03-03T14:18:25.469424" elapsed="0.001032"/>
</kw>
<tag>smoke</tag>
<status status="PASS" start="2025-03-03T14:18:25.467431" elapsed="0.003025"/>
</test>
<test id="s1-s15-t2" name="checking default Tags" line="12">
<kw name="Log To Console" owner="BuiltIn">
<arg>Inside Default ${TEST_TAGS}</arg>
<doc>Logs the given message to the console.</doc>
<status status="PASS" start="2025-03-03T14:18:25.472416" elapsed="0.000000"/>
</kw>
<tag>sanity</tag>
<status status="PASS" start="2025-03-03T14:18:25.471419" elapsed="0.001995"/>
</test>
<test id="s1-s15-t3" name="checking set Tags" line="16">
<kw name="Set Tags" owner="BuiltIn">
<msg time="2025-03-03T14:18:25.513307" level="INFO">Set tag 'regression'.</msg>
<arg>regression</arg>
<doc>Adds given ``tags`` for the current test or all tests in a suite.</doc>
<status status="PASS" start="2025-03-03T14:18:25.513307" elapsed="0.000998"/>
</kw>
<kw name="Log To Console" owner="BuiltIn">
<arg>Inside Set tag ${TEST_TAGS}</arg>
<doc>Logs the given message to the console.</doc>
<status status="PASS" start="2025-03-03T14:18:25.515301" elapsed="0.002112"/>
</kw>
<tag>regression</tag>
<tag>sanity</tag>
<status status="PASS" start="2025-03-03T14:18:25.473819" elapsed="0.044475"/>
</test>
<status status="PASS" start="2025-03-03T14:18:23.650299" elapsed="1.868993"/>
</suite>
<suite id="s1-s16" name="Variables" source="C:\Users\DELL\PycharmProjects\Robot Training\tests\Variables.robot">
<test id="s1-s16-t1" name="Accesing Variables" line="18">
<kw name="Log To Console" owner="BuiltIn">
<arg>${Scalar}</arg>
<doc>Logs the given message to the console.</doc>
<status status="PASS" start="2025-03-03T14:18:29.110472" elapsed="0.000945"/>
</kw>
<kw name="Log To Console" owner="BuiltIn">
<arg>${lists}</arg>
<doc>Logs the given message to the console.</doc>
<status status="PASS" start="2025-03-03T14:18:29.112414" elapsed="0.000000"/>
</kw>
<kw name="Log To Console" owner="BuiltIn">
<arg>${dict}</arg>
<doc>Logs the given message to the console.</doc>
<status status="PASS" start="2025-03-03T14:18:29.113412" elapsed="0.001994"/>
</kw>
<kw name="Log To Console" owner="BuiltIn">
<arg>${env_var}</arg>
<doc>Logs the given message to the console.</doc>
<status status="PASS" start="2025-03-03T14:18:29.116405" elapsed="0.000996"/>
</kw>
<kw name="Log To Console" owner="BuiltIn">
<arg>${env_var1}</arg>
<doc>Logs the given message to the console.</doc>
<status status="PASS" start="2025-03-03T14:18:29.117401" elapsed="0.000997"/>
</kw>
<status status="PASS" start="2025-03-03T14:18:29.108425" elapsed="0.009973"/>
</test>
<status status="PASS" start="2025-03-03T14:18:28.438697" elapsed="0.681697"/>
</suite>
<doc>[https://pabot.org/?ref=log|Pabot] result from 16 executions.</doc>
<status status="FAIL" start="2025-03-03T14:18:22.152000" elapsed="356.128955"/>
</suite>
<statistics>
<total>
<stat pass="23" fail="6" skip="0">All Tests</stat>
</total>
<tag>
<stat pass="1" fail="0" skip="0">regression</stat>
<stat pass="2" fail="0" skip="0">sanity</stat>
<stat pass="1" fail="0" skip="0">smoke</stat>
</tag>
<suite>
<stat pass="23" fail="6" skip="0" id="s1" name="Suites">Suites</stat>
<stat pass="3" fail="0" skip="0" id="s1-s1" name="DataFromCsv">Suites.DataFromCsv</stat>
<stat pass="2" fail="1" skip="0" id="s1-s2" name="DataFromExcel">Suites.DataFromExcel</stat>
<stat pass="0" fail="1" skip="0" id="s1-s3" name="DataFromJson">Suites.DataFromJson</stat>
<stat pass="1" fail="0" skip="0" id="s1-s4" name="FirstTest">Suites.FirstTest</stat>
<stat pass="5" fail="0" skip="0" id="s1-s5" name="ForLoop">Suites.ForLoop</stat>
<stat pass="0" fail="1" skip="0" id="s1-s6" name="Headless">Suites.Headless</stat>
<stat pass="1" fail="1" skip="0" id="s1-s7" name="LoginTest">Suites.LoginTest</stat>
<stat pass="0" fail="2" skip="0" id="s1-s8" name="Templates">Suites.Templates</stat>
<stat pass="1" fail="0" skip="0" id="s1-s9" name="Practice">Suites.Practice</stat>
<stat pass="1" fail="0" skip="0" id="s1-s10" name="Assertions">Suites.Assertions</stat>
<stat pass="1" fail="0" skip="0" id="s1-s11" name="CustomLib">Suites.CustomLib</stat>
<stat pass="1" fail="0" skip="0" id="s1-s12" name="Add To cart">Suites.Add To cart</stat>
<stat pass="1" fail="0" skip="0" id="s1-s13" name="Iframes">Suites.Iframes</stat>
<stat pass="2" fail="0" skip="0" id="s1-s14" name="SetupOrTeardown">Suites.SetupOrTeardown</stat>
<stat pass="3" fail="0" skip="0" id="s1-s15" name="Tags">Suites.Tags</stat>
<stat pass="1" fail="0" skip="0" id="s1-s16" name="Variables">Suites.Variables</stat>
</suite>
</statistics>
<errors>
<msg time="2025-03-03T14:19:43.146214" level="WARN">There was an error managing chromedriver (error sending request for url (https://googlechromelabs.github.io/chrome-for-testing/known-good-versions-with-downloads.json)); using driver found in the cache</msg>
<msg time="2025-03-03T14:21:56.021810" level="WARN">Keyword 'Capture Page Screenshot' could not be run on failure: Message: no such window: target window already closed
from unknown error: web view not found
  (Session info: chrome=133.0.6943.142)
Stacktrace:
	GetHandleVerifier [0x00007FF737C0C6A5+28789]
	(No symbol) [0x00007FF737B75B20]
	(No symbol) [0x00007FF737A08F9A]
	(No symbol) [0x00007FF7379E1563]
	(No symbol) [0x00007FF737A8EF1E]
	(No symbol) [0x00007FF737AAF0D2]
	(No symbol) [0x00007FF737A87103]
	(No symbol) [0x00007FF737A4FFC0]
	(No symbol) [0x00007FF737A51273]
	GetHandleVerifier [0x00007FF737F51AED+3458237]
	GetHandleVerifier [0x00007FF737F6829C+3550316]
	GetHandleVerifier [0x00007FF737F5DB9D+3507565]
	GetHandleVerifier [0x00007FF737CD2C6A+841274]
	(No symbol) [0x00007FF737B809EF]
	(No symbol) [0x00007FF737B7CB34]
	(No symbol) [0x00007FF737B7CCD6]
	(No symbol) [0x00007FF737B6C119]
	BaseThreadInitThunk [0x00007FF823857374+20]
	RtlUserThreadStart [0x00007FF824DBCC91+33]
</msg>
<msg time="2025-03-03T14:22:06.293685" level="WARN">Keyword 'Capture Page Screenshot' could not be run on failure: Message: no such window: target window already closed
from unknown error: web view not found
  (Session info: chrome=133.0.6943.142)
Stacktrace:
	GetHandleVerifier [0x00007FF737C0C6A5+28789]
	(No symbol) [0x00007FF737B75B20]
	(No symbol) [0x00007FF737A08F9A]
	(No symbol) [0x00007FF7379E1563]
	(No symbol) [0x00007FF737A8EF1E]
	(No symbol) [0x00007FF737AAF0D2]
	(No symbol) [0x00007FF737A87103]
	(No symbol) [0x00007FF737A4FFC0]
	(No symbol) [0x00007FF737A51273]
	GetHandleVerifier [0x00007FF737F51AED+3458237]
	GetHandleVerifier [0x00007FF737F6829C+3550316]
	GetHandleVerifier [0x00007FF737F5DB9D+3507565]
	GetHandleVerifier [0x00007FF737CD2C6A+841274]
	(No symbol) [0x00007FF737B809EF]
	(No symbol) [0x00007FF737B7CB34]
	(No symbol) [0x00007FF737B7CCD6]
	(No symbol) [0x00007FF737B6C119]
	BaseThreadInitThunk [0x00007FF823857374+20]
	RtlUserThreadStart [0x00007FF824DBCC91+33]
</msg>
<msg time="2025-03-03T14:22:27.431910" level="WARN">Keyword 'Capture Page Screenshot' could not be run on failure: Message: no such window: target window already closed
from unknown error: web view not found
  (Session info: chrome=133.0.6943.142)
Stacktrace:
	GetHandleVerifier [0x00007FF737C0C6A5+28789]
	(No symbol) [0x00007FF737B75B20]
	(No symbol) [0x00007FF737A08F9A]
	(No symbol) [0x00007FF7379E1563]
	(No symbol) [0x00007FF737A8EF1E]
	(No symbol) [0x00007FF737AAF0D2]
	(No symbol) [0x00007FF737A87103]
	(No symbol) [0x00007FF737A4FFC0]
	(No symbol) [0x00007FF737A51273]
	GetHandleVerifier [0x00007FF737F51AED+3458237]
	GetHandleVerifier [0x00007FF737F6829C+3550316]
	GetHandleVerifier [0x00007FF737F5DB9D+3507565]
	GetHandleVerifier [0x00007FF737CD2C6A+841274]
	(No symbol) [0x00007FF737B809EF]
	(No symbol) [0x00007FF737B7CB34]
	(No symbol) [0x00007FF737B7CCD6]
	(No symbol) [0x00007FF737B6C119]
	BaseThreadInitThunk [0x00007FF823857374+20]
	RtlUserThreadStart [0x00007FF824DBCC91+33]
</msg>
<msg time="2025-03-03T14:19:36.169002" level="WARN">There was an error managing chromedriver (error sending request for url (https://googlechromelabs.github.io/chrome-for-testing/known-good-versions-with-downloads.json)); using driver found in the cache</msg>
</errors>
</robot>
