==============================================================================
Tests                                                                         
==============================================================================
Tests.DataFromCsv                                                             
==============================================================================
Login Tests Using CSV Admin and admin123                                
  Traceback (most recent call last):
    ~~~~~~~~~~~~~~~~~~~~~~~~~~~~~~~~~~~~~~~~~~~~~~~~~~~~~~~~~~~~~~~~~~~~~~~~~~
    File  D:\Automation practice\Robot Training\tests\DataFromCsv.robot:19
    T:  Login Tests Using CSV Admin and admin123    
    ~~~~~~~~~~~~~~~~~~~~~~~~~~~~~~~~~~~~~~~~~~~~~~~~~~~~~~~~~~~~~~~~~~~~~~~~~~
    File  D:\Automation practice\Robot Training\tests\DataFromCsv.robot:12
      Test Data    userName=Admin    Password=admin123    Message=Dashboard
    ~~~~~~~~~~~~~~~~~~~~~~~~~~~~~~~~~~~~~~~~~~~~~~~~~~~~~~~~~~~~~~~~~~~~~~~~~~
    File  D:\Automation practice\Robot Training\tests\DataFromCsv.robot:14
      Login    ${userName}    ${Password}    ${Message}
      |  ${userName} = <Unable to define variable value>
      |  ${Password} = <Unable to define variable value>
      |  ${Message} = Dashboard (str)
    ~~~~~~~~~~~~~~~~~~~~~~~~~~~~~~~~~~~~~~~~~~~~~~~~~~~~~~~~~~~~~~~~~~~~~~~~~~
    File  D:\Automation practice\Robot Training\Resource\Keywords\LoginPageKw.robot:32
      Page Should Contain text    ${message}
      |  ${message} = Dashboard (str)
    ~~~~~~~~~~~~~~~~~~~~~~~~~~~~~~~~~~~~~~~~~~~~~~~~~~~~~~~~~~~~~~~~~~~~~~~~~~
    File  D:\Automation practice\Robot Training\Resource\Keywords\LoginPageKw.robot:25
      Page Should Contain    ${message}
      |  ${message} = Dashboard (str)
______________________________________________________________________________
| FAIL |
InvalidSessionIdException: Message: invalid session id: session deleted as the browser has closed the connection
from disconnected: not connected to DevTools
  (Session info: chrome=138.0.7204.102); For documentation on this error, please visit: https://www.selenium.dev/documentation/webdriver/troubleshooting/errors#invalidsessionidexception
Stacktrace:
	GetHandleVerifier [0x0x7ff709a2e925+77845]
	GetHandleVerifier [0x0x7ff709a2e980+77936]
	(No symbol) [0x0x7ff7097e9cda]
	(No symbol) [0x0x7ff7097d5f35]
	(No symbol) [0x0x7ff7097faabe]
	(No symbol) [0x0x7ff70986feb5]
	(No symbol) [0x0x7ff709890432]
	(No symbol) [0x0x7ff7098686a3]
	(No symbol) [0x0x7ff709831791]
	(No symbol) [0x0x7ff709832523]
	GetHandleVerifier [0x0x7ff709d0683d+3059501]
	GetHandleVerifier [0x0x7ff709d00bfd+3035885]
	GetHandleVerifier [0x0x7ff709d203f0+3164896]
	GetHandleVerifier [0x0x7ff709a48c2e+185118]
	GetHandleVerifier [0x0x7ff709a5053f+216111]
	GetHandleVerifier [0x0x7ff709a372d4+113092]
	GetHandleVerifier [0x0x7ff709a37489+113529]
	GetHandleVerifier [0x0x7ff709a1e288+10616]
	BaseThreadInitThunk [0x0x7ffb11d8e8d7+23]
	RtlUserThreadStart [0x0x7ffb13d1c34c+44]
------------------------------------------------------------------------------
Login Tests Using CSV admin123 and admin123                             
  Traceback (most recent call last):
    ~~~~~~~~~~~~~~~~~~~~~~~~~~~~~~~~~~~~~~~~~~~~~~~~~~~~~~~~~~~~~~~~~~~~~~~~~~
    File  D:\Automation practice\Robot Training\tests\DataFromCsv.robot:19
    T:  Login Tests Using CSV admin123 and admin123    
    ~~~~~~~~~~~~~~~~~~~~~~~~~~~~~~~~~~~~~~~~~~~~~~~~~~~~~~~~~~~~~~~~~~~~~~~~~~
    File  D:\Automation practice\Robot Training\tests\DataFromCsv.robot:12
      Test Data    userName=admin123    Password=admin123    Message=Invalid credentials
    ~~~~~~~~~~~~~~~~~~~~~~~~~~~~~~~~~~~~~~~~~~~~~~~~~~~~~~~~~~~~~~~~~~~~~~~~~~
    File  D:\Automation practice\Robot Training\tests\DataFromCsv.robot:14
      Login    ${userName}    ${Password}    ${Message}
      |  ${userName} = admin123 (str)
      |  ${Password} = <Unable to define variable value>
      |  ${Message} = <Unable to define variable value>
    ~~~~~~~~~~~~~~~~~~~~~~~~~~~~~~~~~~~~~~~~~~~~~~~~~~~~~~~~~~~~~~~~~~~~~~~~~~
    File  D:\Automation practice\Robot Training\Resource\Keywords\LoginPageKw.robot:29
      Input User    ${user}
      |  ${user} = <Unable to define variable value>
    ~~~~~~~~~~~~~~~~~~~~~~~~~~~~~~~~~~~~~~~~~~~~~~~~~~~~~~~~~~~~~~~~~~~~~~~~~~
    File  D:\Automation practice\Robot Training\Resource\Keywords\LoginPageKw.robot:13
      Input Text    ${USERNAME_FIELD}    ${username}
      |  ${USERNAME_FIELD} = name=username (str)
      |  ${username} = admin123 (str)
______________________________________________________________________________
| FAIL |
InvalidSessionIdException: Message: invalid session id: session deleted as the browser has closed the connection
from disconnected: not connected to DevTools
  (Session info: chrome=138.0.7204.102); For documentation on this error, please visit: https://www.selenium.dev/documentation/webdriver/troubleshooting/errors#invalidsessionidexception
Stacktrace:
	GetHandleVerifier [0x0x7ff709a2e925+77845]
	GetHandleVerifier [0x0x7ff709a2e980+77936]
	(No symbol) [0x0x7ff7097e9cda]
	(No symbol) [0x0x7ff7097d5f35]
	(No symbol) [0x0x7ff7097faabe]
	(No symbol) [0x0x7ff70986feb5]
	(No symbol) [0x0x7ff709890432]
	(No symbol) [0x0x7ff7098686a3]
	(No symbol) [0x0x7ff709831791]
	(No symbol) [0x0x7ff709832523]
	GetHandleVerifier [0x0x7ff709d0683d+3059501]
	GetHandleVerifier [0x0x7ff709d00bfd+3035885]
	GetHandleVerifier [0x0x7ff709d203f0+3164896]
	GetHandleVerifier [0x0x7ff709a48c2e+185118]
	GetHandleVerifier [0x0x7ff709a5053f+216111]
	GetHandleVerifier [0x0x7ff709a372d4+113092]
	GetHandleVerifier [0x0x7ff709a37489+113529]
	GetHandleVerifier [0x0x7ff709a1e288+10616]
	BaseThreadInitThunk [0x0x7ffb11d8e8d7+23]
	RtlUserThreadStart [0x0x7ffb13d1c34c+44]
------------------------------------------------------------------------------
Login Tests Using CSV admin12 and admin123                              
  Traceback (most recent call last):
    ~~~~~~~~~~~~~~~~~~~~~~~~~~~~~~~~~~~~~~~~~~~~~~~~~~~~~~~~~~~~~~~~~~~~~~~~~~
    File  D:\Automation practice\Robot Training\tests\DataFromCsv.robot:19
    T:  Login Tests Using CSV admin12 and admin123    
    ~~~~~~~~~~~~~~~~~~~~~~~~~~~~~~~~~~~~~~~~~~~~~~~~~~~~~~~~~~~~~~~~~~~~~~~~~~
    File  D:\Automation practice\Robot Training\tests\DataFromCsv.robot:7
      Open Login Page    
    ~~~~~~~~~~~~~~~~~~~~~~~~~~~~~~~~~~~~~~~~~~~~~~~~~~~~~~~~~~~~~~~~~~~~~~~~~~
    File  D:\Automation practice\Robot Training\Resource\Keywords\LoginPageKw.robot:10
      Sleep    3s
______________________________________________________________________________
| FAIL |
Setup failed:
Execution terminated by signal
------------------------------------------------------------------------------
Tests.DataFromCsv                                                     | FAIL |
3 tests, 0 passed, 3 failed
==============================================================================
Tests                                                                 | FAIL |
3 tests, 0 passed, 3 failed
==============================================================================
Output:  D:\Automation practice\Robot Training\results\pabot_results\3\output.xml
