==============================================================================
Tests                                                                         
==============================================================================
Tests.DataFromJson                                                            
==============================================================================
Login Test with JSON Data                                             {'testdata': [{'userName': 'Admin', 'Password': 'admin123', 'Message': 'Dashboard'}, {'userName': 'User1', 'Password': 'Pass123', 'Message': 'Invalid credentials'}, {'userName': 'Adminn', 'Password': 'Pass123', 'Message': 'Invalid credentials'}]}
{'userName': 'Adminn', 'Password': 'Pass123', 'Message': 'Invalid credentials'}
  
  Traceback (most recent call last):
    ~~~~~~~~~~~~~~~~~~~~~~~~~~~~~~~~~~~~~~~~~~~~~~~~~~~~~~~~~~~~~~~~~~~~~~~~~~
    File  D:\Automation practice\Robot Training\tests\DataFromJson.robot:12
    T:  Login Test with JSON Data    
    ~~~~~~~~~~~~~~~~~~~~~~~~~~~~~~~~~~~~~~~~~~~~~~~~~~~~~~~~~~~~~~~~~~~~~~~~~~
    File  D:\Automation practice\Robot Training\tests\DataFromJson.robot:16
      ${case}    IN    @{data['testdata']}    
    ~~~~~~~~~~~~~~~~~~~~~~~~~~~~~~~~~~~~~~~~~~~~~~~~~~~~~~~~~~~~~~~~~~~~~~~~~~
    File  D:\Automation practice\Robot Training\tests\DataFromJson.robot:16
      ${case} = {'userName': 'Admin', 'Password': 'admin123', 'Message': 'Dashboard'}    
    ~~~~~~~~~~~~~~~~~~~~~~~~~~~~~~~~~~~~~~~~~~~~~~~~~~~~~~~~~~~~~~~~~~~~~~~~~~
    File  D:\Automation practice\Robot Training\tests\DataFromJson.robot:17
      Open Login Page    
    ~~~~~~~~~~~~~~~~~~~~~~~~~~~~~~~~~~~~~~~~~~~~~~~~~~~~~~~~~~~~~~~~~~~~~~~~~~
    File  D:\Automation practice\Robot Training\Resource\Keywords\LoginPageKw.robot:8
      Open Browser    ${URL}    chrome
      |  ${URL} = https://opensource-demo.orangehrmlive.com/web/index.php/auth/login (str)
______________________________________________________________________________
| FAIL |
SessionNotCreatedException: Message: session not created: probably user data directory is already in use, please specify a unique value for --user-data-dir argument, or don't use --user-data-dir; For documentation on this error, please visit: https://www.selenium.dev/documentation/webdriver/troubleshooting/errors#sessionnotcreatedexception
Stacktrace:
	GetHandleVerifier [0x0x7ff709a2e925+77845]
	GetHandleVerifier [0x0x7ff709a2e980+77936]
	(No symbol) [0x0x7ff7097e9cda]
	(No symbol) [0x0x7ff709828909]
	(No symbol) [0x0x7ff7098229e5]
	(No symbol) [0x0x7ff7098762ce]
	(No symbol) [0x0x7ff709875a60]
	(No symbol) [0x0x7ff7098686a3]
	(No symbol) [0x0x7ff709831791]
	(No symbol) [0x0x7ff709832523]
	GetHandleVerifier [0x0x7ff709d0683d+3059501]
	GetHandleVerifier [0x0x7ff709d00bfd+3035885]
	GetHandleVerifier [0x0x7ff709d203f0+3164896]
	GetHandleVerifier [0x0x7ff709a48c2e+185118]
	GetHandleVerifier [0x0x7ff709a5053f+216111]
	GetHandleVerifier [0x0x7ff709a372d4+113092]
	GetHandleVerifier [0x0x7ff709a37489+113529]
	GetHandleVerifier [0x0x7ff709a1e288+10616]
	BaseThreadInitThunk [0x0x7ffb11d8e8d7+23]
	RtlUserThreadStart [0x0x7ffb13d1c34c+44]
------------------------------------------------------------------------------
Tests.DataFromJson                                                    | FAIL |
1 test, 0 passed, 1 failed
==============================================================================
Tests                                                                 | FAIL |
1 test, 0 passed, 1 failed
==============================================================================
Output:  D:\Automation practice\Robot Training\results\pabot_results\5\output.xml
